[INFO ] 2023-02-13 09:13:48,488 [main | c.o.g.Config] Using 'jar:file:/opt/graphdb/dist/lib/graphdb-application-common-10.0.0.jar!/com/ontotext/graphdb/logback.xml' as logback's configuration file
[INFO ] 2023-02-13 09:13:50,978 [main | c.o.g.s.GraphDB] Starting GraphDB in workbench mode.
[INFO ] 2023-02-13 09:14:13,130 [main | c.o.g.Config] GraphDB Home directory: /opt/graphdb/home
[INFO ] 2023-02-13 09:14:13,131 [main | c.o.g.Config] GraphDB Config directory: /opt/graphdb/home/conf
[INFO ] 2023-02-13 09:14:13,132 [main | c.o.g.Config] GraphDB Data directory: /opt/graphdb/home/data
[INFO ] 2023-02-13 09:14:13,132 [main | c.o.g.Config] GraphDB Work directory: /opt/graphdb/home/work
[INFO ] 2023-02-13 09:14:13,133 [main | c.o.g.Config] GraphDB Logs directory: /opt/graphdb/home/logs
[INFO ] 2023-02-13 09:14:13,846 [main | c.o.g.r.s.SecurityUtil] Cluster gRPC server security is disabled
[INFO ] 2023-02-13 09:14:14,261 [main | c.o.f.c.s.r.GraphDBRpcServer] Started gRPC server on port 7300 successfully
[INFO ] 2023-02-13 09:14:18,238 [main | c.o.g.s.GraphDB] Started GraphDB in workbench mode at port 7200.
[INFO ] 2023-02-13 10:05:26,808 [Thread-3 | c.o.g.s.GraphDB] Stopping GraphDB.
[INFO ] 2023-02-13 11:06:34,964 [main | c.o.g.Config] Using 'jar:file:/opt/graphdb/dist/lib/graphdb-application-common-10.0.0.jar!/com/ontotext/graphdb/logback.xml' as logback's configuration file
[INFO ] 2023-02-13 11:06:43,699 [main | c.o.g.s.GraphDB] Starting GraphDB in workbench mode.
[INFO ] 2023-02-13 11:07:05,370 [main | c.o.g.Config] GraphDB Home directory: /opt/graphdb/home
[INFO ] 2023-02-13 11:07:05,371 [main | c.o.g.Config] GraphDB Config directory: /opt/graphdb/home/conf
[INFO ] 2023-02-13 11:07:05,371 [main | c.o.g.Config] GraphDB Data directory: /opt/graphdb/home/data
[INFO ] 2023-02-13 11:07:05,372 [main | c.o.g.Config] GraphDB Work directory: /opt/graphdb/home/work
[INFO ] 2023-02-13 11:07:05,373 [main | c.o.g.Config] GraphDB Logs directory: /opt/graphdb/home/logs
[INFO ] 2023-02-13 11:07:06,132 [main | c.o.g.r.s.SecurityUtil] Cluster gRPC server security is disabled
[INFO ] 2023-02-13 11:07:06,600 [main | c.o.f.c.s.r.GraphDBRpcServer] Started gRPC server on port 7300 successfully
[INFO ] 2023-02-13 11:07:10,213 [main | c.o.g.s.GraphDB] Started GraphDB in workbench mode at port 7200.
[INFO ] 2023-02-13 11:10:18,524 [Thread-3 | c.o.g.s.GraphDB] Stopping GraphDB.
[INFO ] 2023-02-13 11:13:49,577 [main | c.o.g.Config] Using 'jar:file:/opt/graphdb/dist/lib/graphdb-application-common-10.0.0.jar!/com/ontotext/graphdb/logback.xml' as logback's configuration file
[INFO ] 2023-02-13 11:13:51,883 [main | c.o.g.s.GraphDB] Starting GraphDB in workbench mode.
[INFO ] 2023-02-13 11:14:12,295 [main | c.o.g.Config] GraphDB Home directory: /opt/graphdb/home
[INFO ] 2023-02-13 11:14:12,296 [main | c.o.g.Config] GraphDB Config directory: /opt/graphdb/home/conf
[INFO ] 2023-02-13 11:14:12,301 [main | c.o.g.Config] GraphDB Data directory: /opt/graphdb/home/data
[INFO ] 2023-02-13 11:14:12,302 [main | c.o.g.Config] GraphDB Work directory: /opt/graphdb/home/work
[INFO ] 2023-02-13 11:14:12,302 [main | c.o.g.Config] GraphDB Logs directory: /opt/graphdb/home/logs
[INFO ] 2023-02-13 11:14:13,007 [main | c.o.g.r.s.SecurityUtil] Cluster gRPC server security is disabled
[INFO ] 2023-02-13 11:14:13,398 [main | c.o.f.c.s.r.GraphDBRpcServer] Started gRPC server on port 7300 successfully
[INFO ] 2023-02-13 11:14:17,062 [main | c.o.g.s.GraphDB] Started GraphDB in workbench mode at port 7200.
[INFO ] 2023-02-13 11:17:54,894 [Thread-3 | c.o.g.s.GraphDB] Stopping GraphDB.
[INFO ] 2023-02-13 12:42:39,896 [main | c.o.g.Config] Using 'jar:file:/opt/graphdb/dist/lib/graphdb-application-common-10.0.0.jar!/com/ontotext/graphdb/logback.xml' as logback's configuration file
[INFO ] 2023-02-13 12:42:42,239 [main | c.o.g.s.GraphDB] Starting GraphDB in workbench mode.
[INFO ] 2023-02-13 12:43:02,715 [main | c.o.g.Config] GraphDB Home directory: /opt/graphdb/home
[INFO ] 2023-02-13 12:43:02,716 [main | c.o.g.Config] GraphDB Config directory: /opt/graphdb/home/conf
[INFO ] 2023-02-13 12:43:02,717 [main | c.o.g.Config] GraphDB Data directory: /opt/graphdb/home/data
[INFO ] 2023-02-13 12:43:02,717 [main | c.o.g.Config] GraphDB Work directory: /opt/graphdb/home/work
[INFO ] 2023-02-13 12:43:02,718 [main | c.o.g.Config] GraphDB Logs directory: /opt/graphdb/home/logs
[INFO ] 2023-02-13 12:43:03,532 [main | c.o.g.r.s.SecurityUtil] Cluster gRPC server security is disabled
[INFO ] 2023-02-13 12:43:03,982 [main | c.o.f.c.s.r.GraphDBRpcServer] Started gRPC server on port 7300 successfully
[INFO ] 2023-02-13 12:43:07,783 [main | c.o.g.s.GraphDB] Started GraphDB in workbench mode at port 7200.
[INFO ] 2023-02-13 12:44:23,704 [repositories/interaction_context | c.o.t.OwlimSchemaRepository] Version: 10.0, revision: 580949524
[INFO ] 2023-02-13 12:44:23,706 [repositories/interaction_context | c.o.t.OwlimSchemaRepository] Build date: Wed Jun 29 19:29:19 GMT 2022
[INFO ] 2023-02-13 12:44:23,714 [repositories/interaction_context | c.o.t.OwlimSchemaRepository] Started repository interaction_context in READ/WRITE mode.
[INFO ] 2023-02-13 12:44:23,729 [repositories/interaction_context | c.o.c.AbstractParameter] Configured parameter 'partialRDFS' to default value 'false'
[INFO ] 2023-02-13 12:44:23,733 [repositories/interaction_context | c.o.c.AbstractParameter] Configured parameter 'transaction-isolation' to default value 'true'
[INFO ] 2023-02-13 12:44:23,733 [repositories/interaction_context | c.o.c.AbstractParameter] Configured parameter 'checkForValidPropertiesAndClasses' to default value 'false'
[INFO ] 2023-02-13 12:44:23,735 [repositories/interaction_context | c.o.c.AbstractParameter] Configured parameter 'transaction-mode' to default value 'safe'
[INFO ] 2023-02-13 12:44:23,736 [repositories/interaction_context | c.o.c.AbstractParameter] Configured parameter 'entity-pool-implementation' to default value 'transactional'
[INFO ] 2023-02-13 12:44:23,736 [repositories/interaction_context | c.o.c.AbstractParameter] Configured parameter 'useShutdownHooks' to default value 'true'
[INFO ] 2023-02-13 12:44:23,751 [repositories/interaction_context | c.o.GraphDBConfigParameters] Cache pages for tuples: 7829
[INFO ] 2023-02-13 12:44:23,752 [repositories/interaction_context | c.o.GraphDBConfigParameters] Cache pages for predicates: 1118
[INFO ] 2023-02-13 12:44:23,753 [repositories/interaction_context | c.o.c.AbstractParameter] Configured parameter 'graphdb.global.page.cache' to default value 'true'
[INFO ] 2023-02-13 12:44:23,781 [repositories/interaction_context | c.o.c.AbstractParameter] Configured parameter 'graphdb.epool.onheap' to default value 'false'
[INFO ] 2023-02-13 12:44:23,782 [repositories/interaction_context | c.o.t.e.EntityPoolFactory] Using entity pool implementation: transactional-disk
[INFO ] 2023-02-13 12:44:23,787 [repositories/interaction_context | c.o.c.AbstractParameter] Configured parameter 'epool.connection.cache.size' to default value '2000'
[INFO ] 2023-02-13 12:44:23,794 [repositories/interaction_context | c.o.c.AbstractParameter] Configured parameter 'graphdb.epool.onheap' to default value 'false'
[INFO ] 2023-02-13 12:44:23,862 [repositories/interaction_context | c.o.t.e.i.m.PersistedHashMap] Restoring entity hash table...
[INFO ] 2023-02-13 12:44:24,121 [repositories/interaction_context | c.o.t.e.i.m.PersistedHashMap] Restored 25520 entities allocating 12.0 MB
[INFO ] 2023-02-13 12:44:24,128 [repositories/interaction_context | c.o.t.e.i.m.PersistedHashMap] Done in 258 ms.
[INFO ] 2023-02-13 12:44:24,176 [repositories/interaction_context | c.o.c.AbstractParameter] Configured parameter 'enable-pool-reversecache' to default value 'true'
[INFO ] 2023-02-13 12:44:24,194 [repositories/interaction_context | c.o.c.AbstractParameter] Configured parameter 'allow-system-entities-as-data' to default value 'false'
[INFO ] 2023-02-13 12:44:24,198 [repositories/interaction_context | c.o.t.u.l.LimitedObjectCacheFactory] Using LRU cache type: synch
[INFO ] 2023-02-13 12:44:24,208 [repositories/interaction_context | c.o.c.AbstractParameter] Configured parameter 'cache-ratio-so-os-cso-cos' to default value '[50, 50, 50]'
[INFO ] 2023-02-13 12:44:24,278 [repositories/interaction_context | c.o.c.AbstractParameter] Configured parameter 'graphdb.global.page.cache' to default value 'true'
[INFO ] 2023-02-13 12:44:24,281 [repositories/interaction_context | c.o.c.AbstractParameter] Configured parameter 'graphdb.page.cache.size' to default value '512.0M'
[INFO ] 2023-02-13 12:44:24,478 [repositories/interaction_context | c.o.c.AbstractParameter] Configured parameter 'virtual.repository.mode' to default value 'false'
[WARN ] 2023-02-13 12:44:24,561 [repositories/interaction_context | c.o.t.OwlimSchemaRepository] Rule list configuration present, it will override all other rule sets parameters!
[INFO ] 2023-02-13 12:44:24,627 [repositories/interaction_context | c.o.c.AbstractParameter] Configured parameter 'epool.journal.buffer.size' to default value '1024'
[INFO ] 2023-02-13 12:44:24,641 [repositories/interaction_context | c.o.c.AbstractParameter] Configured parameter 'enable-debug-rules' to default value 'false'
[INFO ] 2023-02-13 12:44:24,662 [repositories/interaction_context | c.o.t.InferencerFactory] ruleSet=rdfsplus-optimized, partialRdfs=false
[INFO ] 2023-02-13 12:44:24,679 [repositories/interaction_context | c.o.c.AbstractParameter] Configured parameter 'filter.obj.only.hint' to default value 'true'
[INFO ] 2023-02-13 12:44:24,757 [repositories/interaction_context | c.o.c.AbstractParameter] Configured parameter 'check.pred.stats' to default value 'false'
[INFO ] 2023-02-13 12:44:24,817 [repositories/interaction_context | c.o.c.AbstractParameter] Configured parameter 'disable-plugins' to default value '[]'
[INFO ] 2023-02-13 12:44:24,817 [repositories/interaction_context | c.o.c.AbstractParameter] Configured parameter 'skip-default-plugins' to default value 'false'
[INFO ] 2023-02-13 12:44:24,817 [repositories/interaction_context | c.o.t.OwlimSchemaRepository] Searching for plugins available in the classpath...
[INFO ] 2023-02-13 12:44:24,853 [repositories/interaction_context | c.o.t.s.i.PluginManager] Registering plugin direct
[INFO ] 2023-02-13 12:44:24,854 [repositories/interaction_context | c.o.t.s.i.PluginManager] Registering plugin notifications
[INFO ] 2023-02-13 12:44:24,854 [repositories/interaction_context | c.o.t.s.i.PluginManager] Registering plugin expose-entity
[INFO ] 2023-02-13 12:44:24,854 [repositories/interaction_context | c.o.t.s.i.PluginManager] Registering plugin literals-index
[INFO ] 2023-02-13 12:44:24,855 [repositories/interaction_context | c.o.t.s.i.PluginManager] Registering plugin script
[INFO ] 2023-02-13 12:44:24,855 [repositories/interaction_context | c.o.t.s.i.PluginManager] Registering plugin utils
[INFO ] 2023-02-13 12:44:24,855 [repositories/interaction_context | c.o.t.s.i.PluginManager] Registering plugin plugincontrol
[INFO ] 2023-02-13 12:44:24,855 [repositories/interaction_context | c.o.t.s.i.PluginManager] Registering plugin magic-predicates
[INFO ] 2023-02-13 12:44:24,855 [repositories/interaction_context | c.o.t.s.i.PluginManager] Registering plugin sparql-template
[INFO ] 2023-02-13 12:44:24,856 [repositories/interaction_context | c.o.c.AbstractParameter] Configured parameter 'register-plugins' to default value '[]'
[INFO ] 2023-02-13 12:44:24,858 [repositories/interaction_context | c.o.GraphDBConfigParameters] Reading external plugins from /opt/graphdb/dist/lib/plugins
[INFO ] 2023-02-13 12:44:24,858 [repositories/interaction_context | c.o.c.AbstractParameter] Configured parameter 'register-external-plugins' to default value '[/opt/graphdb/dist/lib/plugins]'
[INFO ] 2023-02-13 12:44:24,859 [repositories/interaction_context | c.o.t.OwlimSchemaRepository] Registering external plugins...
[INFO ] 2023-02-13 12:44:24,860 [repositories/interaction_context | c.o.t.OwlimSchemaRepository] Scanning /opt/graphdb/dist/lib/plugins/history-plugin for plugins
[INFO ] 2023-02-13 12:44:24,874 [repositories/interaction_context | c.o.t.s.i.PluginManager] Registering plugin history
[INFO ] 2023-02-13 12:44:24,874 [repositories/interaction_context | c.o.t.OwlimSchemaRepository] Scanning /opt/graphdb/dist/lib/plugins/sequences-plugin for plugins
[INFO ] 2023-02-13 12:44:24,885 [repositories/interaction_context | c.o.t.s.i.PluginManager] Registering plugin sequences
[INFO ] 2023-02-13 12:44:24,885 [repositories/interaction_context | c.o.t.OwlimSchemaRepository] Scanning /opt/graphdb/dist/lib/plugins/similarity-plugin for plugins
[INFO ] 2023-02-13 12:44:24,929 [repositories/interaction_context | c.o.t.s.i.PluginManager] Registering plugin similarity
[INFO ] 2023-02-13 12:44:24,930 [repositories/interaction_context | c.o.t.OwlimSchemaRepository] Scanning /opt/graphdb/dist/lib/plugins/autocomplete-plugin for plugins
[INFO ] 2023-02-13 12:44:24,958 [repositories/interaction_context | c.o.t.s.i.PluginManager] Registering plugin autocomplete
[INFO ] 2023-02-13 12:44:24,959 [repositories/interaction_context | c.o.t.OwlimSchemaRepository] Scanning /opt/graphdb/dist/lib/plugins/entity-change-connector for plugins
[INFO ] 2023-02-13 12:44:25,015 [repositories/interaction_context | c.o.t.s.i.PluginManager] Registering plugin entity-change
[INFO ] 2023-02-13 12:44:25,016 [repositories/interaction_context | c.o.t.OwlimSchemaRepository] Scanning /opt/graphdb/dist/lib/plugins/geosparql-plugin for plugins
[INFO ] 2023-02-13 12:44:25,142 [repositories/interaction_context | c.o.t.s.i.PluginManager] Registering plugin GeoSPARQL
[INFO ] 2023-02-13 12:44:25,143 [repositories/interaction_context | c.o.t.OwlimSchemaRepository] Scanning /opt/graphdb/dist/lib/plugins/solr-connector for plugins
[INFO ] 2023-02-13 12:44:25,273 [repositories/interaction_context | c.o.t.s.i.PluginManager] Registering plugin solr-connector
[INFO ] 2023-02-13 12:44:25,275 [repositories/interaction_context | c.o.t.OwlimSchemaRepository] Scanning /opt/graphdb/dist/lib/plugins/elasticsearch-connector for plugins
[INFO ] 2023-02-13 12:44:25,440 [repositories/interaction_context | c.o.t.s.i.PluginManager] Registering plugin elasticsearch-connector
[INFO ] 2023-02-13 12:44:25,441 [repositories/interaction_context | c.o.t.OwlimSchemaRepository] Scanning /opt/graphdb/dist/lib/plugins/tx-rollback-plugin for plugins
[INFO ] 2023-02-13 12:44:25,447 [repositories/interaction_context | c.o.t.s.i.PluginManager] Registering plugin tx-rollback
[INFO ] 2023-02-13 12:44:25,447 [repositories/interaction_context | c.o.t.OwlimSchemaRepository] Scanning /opt/graphdb/dist/lib/plugins/sparql-mm for plugins
[INFO ] 2023-02-13 12:44:25,456 [repositories/interaction_context | c.o.t.s.i.PluginManager] Registering plugin sparql-mm
[INFO ] 2023-02-13 12:44:25,456 [repositories/interaction_context | c.o.t.OwlimSchemaRepository] Scanning /opt/graphdb/dist/lib/plugins/notifications-logger-plugin for plugins
[INFO ] 2023-02-13 12:44:25,460 [repositories/interaction_context | c.o.t.s.i.PluginManager] Registering plugin notifications-logger
[INFO ] 2023-02-13 12:44:25,460 [repositories/interaction_context | c.o.t.OwlimSchemaRepository] Scanning /opt/graphdb/dist/lib/plugins/proof-plugin for plugins
[INFO ] 2023-02-13 12:44:25,468 [repositories/interaction_context | c.o.t.s.i.PluginManager] Registering plugin proof
[INFO ] 2023-02-13 12:44:25,468 [repositories/interaction_context | c.o.t.OwlimSchemaRepository] Scanning /opt/graphdb/dist/lib/plugins/dependencies-plugin for plugins
[INFO ] 2023-02-13 12:44:25,486 [repositories/interaction_context | c.o.t.s.i.PluginManager] Registering plugin dependencies-plugin
[INFO ] 2023-02-13 12:44:25,486 [repositories/interaction_context | c.o.t.OwlimSchemaRepository] Scanning /opt/graphdb/dist/lib/plugins/change-tracking-plugin for plugins
[INFO ] 2023-02-13 12:44:25,496 [repositories/interaction_context | c.o.t.s.i.PluginManager] Registering plugin change-tracking
[INFO ] 2023-02-13 12:44:25,500 [repositories/interaction_context | c.o.t.OwlimSchemaRepository] Scanning /opt/graphdb/dist/lib/plugins/rdfrank-plugin for plugins
[INFO ] 2023-02-13 12:44:25,511 [repositories/interaction_context | c.o.t.s.i.PluginManager] Registering plugin rdfrank
[INFO ] 2023-02-13 12:44:25,511 [repositories/interaction_context | c.o.t.OwlimSchemaRepository] Scanning /opt/graphdb/dist/lib/plugins/kafka-connector for plugins
[INFO ] 2023-02-13 12:44:25,567 [repositories/interaction_context | c.o.t.s.i.PluginManager] Registering plugin kafka-connector
[INFO ] 2023-02-13 12:44:25,567 [repositories/interaction_context | c.o.t.OwlimSchemaRepository] Scanning /opt/graphdb/dist/lib/plugins/mongodb-plugin for plugins
[INFO ] 2023-02-13 12:44:25,585 [repositories/interaction_context | c.o.t.s.i.PluginManager] Registering plugin mongodb
[INFO ] 2023-02-13 12:44:25,586 [repositories/interaction_context | c.o.t.OwlimSchemaRepository] Scanning /opt/graphdb/dist/lib/plugins/text-mining-plugin for plugins
[INFO ] 2023-02-13 12:44:25,602 [repositories/interaction_context | c.o.t.s.i.PluginManager] Registering plugin text-mining
[INFO ] 2023-02-13 12:44:25,603 [repositories/interaction_context | c.o.t.OwlimSchemaRepository] Scanning /opt/graphdb/dist/lib/plugins/geospatial-plugin for plugins
[INFO ] 2023-02-13 12:44:25,722 [repositories/interaction_context | c.o.t.p.g.FunctionLoader] Registered 1 functions from package com.ontotext.trree.plugin.geo.
[INFO ] 2023-02-13 12:44:25,726 [repositories/interaction_context | c.o.t.s.i.PluginManager] Registering plugin geospatial
[INFO ] 2023-02-13 12:44:25,726 [repositories/interaction_context | c.o.t.OwlimSchemaRepository] Scanning /opt/graphdb/dist/lib/plugins/lucene-connector for plugins
[INFO ] 2023-02-13 12:44:25,831 [repositories/interaction_context | c.o.t.s.i.PluginManager] Registering plugin lucene-connector
[INFO ] 2023-02-13 12:44:25,833 [repositories/interaction_context | c.o.t.s.i.PluginManager] Initializing plugins... (DEFAULT)
[INFO ] 2023-02-13 12:44:25,838 [repositories/interaction_context | c.o.l.LicenseRegistry] License configuration: Embedded license
[INFO ] 2023-02-13 12:44:25,843 [repositories/interaction_context | c.o.l.LicenseRegistry] License file: jar:file:/opt/graphdb/dist/lib/graphdb-runtime-10.0.0.jar!/GRAPHDB_LITE.license
[INFO ] 2023-02-13 12:44:25,846 [repositories/interaction_context | c.o.l.LicenseRegistry] Product:                 GRAPHDB_LITE
[INFO ] 2023-02-13 12:44:25,846 [repositories/interaction_context | c.o.l.LicenseRegistry] Usage restriction:       null
[INFO ] 2023-02-13 12:44:25,846 [repositories/interaction_context | c.o.l.LicenseRegistry] Licensee:                Freeware
[INFO ] 2023-02-13 12:44:25,846 [repositories/interaction_context | c.o.l.LicenseRegistry] Permitted use:           THE SOFTWARE IS PROVIDED "AS IS", WITHOUT WARRANTY OF ANY KIND, EXPRESS OR IMPLIED, INCLUDING BUT NOT LIMITED TO THE WARRANTIES OF MERCHANTABILITY, FITNESS FOR A PARTICULAR PURPOSE AND NONINFRINGEMENT. IN NO EVENT SHALL THE AUTHORS OR COPYRIGHT HOLDERS BE LIABLE FOR ANY CLAIM, DAMAGES OR OTHER LIABILITY, WHETHER IN AN ACTION OF CONTRACT, TORT OR OTHERWISE, ARISING FROM, OUT OF OR IN CONNECTION WITH THE SOFTWARE OR THE USE OR OTHER DEALINGS IN THE SOFTWARE.
[INFO ] 2023-02-13 12:44:25,846 [repositories/interaction_context | c.o.l.LicenseRegistry] Version:                 10.0
[INFO ] 2023-02-13 12:44:25,847 [repositories/interaction_context | c.o.l.LicenseRegistry] Expiry date:             none
[INFO ] 2023-02-13 12:44:25,847 [repositories/interaction_context | c.o.l.LicenseRegistry] Latest publication date: none
[INFO ] 2023-02-13 12:44:25,847 [repositories/interaction_context | c.o.l.LicenseRegistry] Max CPU cores:           1
[INFO ] 2023-02-13 12:44:25,848 [repositories/interaction_context | c.o.c.AbstractParameter] Configured parameter 'nonInterpretablePredicates' to default value 'null'
[INFO ] 2023-02-13 12:44:25,868 [repositories/interaction_context | c.o.t.s.i.PluginManager] Initializing plugin 'GeoSPARQL'
[INFO ] 2023-02-13 12:44:27,354 [repositories/interaction_context | c.o.t.g.FunctionLoader] Registered 50 functions from package com.useekm.geosparql.
[INFO ] 2023-02-13 12:44:27,357 [repositories/interaction_context | c.o.t.s.i.PluginManager] Initializing plugin 'autocomplete'
[INFO ] 2023-02-13 12:44:27,360 [repositories/interaction_context | c.o.t.p.a.AutocompletePluginUtils] >>>>>>>> AutocompletePlugin: No configuration file found at /opt/graphdb/home/data/repositories/interaction_context/storage/autocomplete/v2/config.properties. Assuming default options for plugin.
[INFO ] 2023-02-13 12:44:27,369 [repositories/interaction_context | c.o.t.s.i.PluginManager] Initializing plugin 'change-tracking'
[INFO ] 2023-02-13 12:44:27,397 [repositories/interaction_context | c.o.t.s.i.PluginManager] Initializing plugin 'dependencies-plugin'
[INFO ] 2023-02-13 12:44:27,399 [repositories/interaction_context | c.o.t.s.i.PluginManager] Initializing plugin 'direct'
[INFO ] 2023-02-13 12:44:27,400 [repositories/interaction_context | c.o.t.s.i.PluginManager] Initializing plugin 'elasticsearch-connector'
[INFO ] 2023-02-13 12:44:27,419 [repositories/interaction_context | c.o.t.s.i.PluginManager] Initializing plugin 'entity-change'
[INFO ] 2023-02-13 12:44:27,429 [repositories/interaction_context | c.o.t.s.i.PluginManager] Initializing plugin 'expose-entity'
[INFO ] 2023-02-13 12:44:27,431 [repositories/interaction_context | c.o.t.s.i.PluginManager] Initializing plugin 'geospatial'
[INFO ] 2023-02-13 12:44:27,433 [repositories/interaction_context | c.o.t.p.g.GeoSpatialPlugin] Plugin:geospatial initialized
[INFO ] 2023-02-13 12:44:27,433 [repositories/interaction_context | c.o.t.s.i.PluginManager] Initializing plugin 'history'
[INFO ] 2023-02-13 12:44:27,447 [repositories/interaction_context | c.o.t.s.i.PluginManager] Initializing plugin 'kafka-connector'
[INFO ] 2023-02-13 12:44:27,461 [repositories/interaction_context | c.o.t.s.i.PluginManager] Initializing plugin 'literals-index'
[INFO ] 2023-02-13 12:44:27,470 [repositories/interaction_context | c.o.p.literals-index] Literals indices restored.
[INFO ] 2023-02-13 12:44:27,471 [repositories/interaction_context | c.o.t.s.i.PluginManager] Initializing plugin 'lucene-connector'
[INFO ] 2023-02-13 12:44:27,482 [repositories/interaction_context | c.o.t.s.i.PluginManager] Initializing plugin 'magic-predicates'
[INFO ] 2023-02-13 12:44:27,483 [repositories/interaction_context | c.o.p.magic-predicates] Registering InverseMagicPredicate: http://spinrdf.org/spif#foreach
[INFO ] 2023-02-13 12:44:27,484 [repositories/interaction_context | c.o.p.magic-predicates] Registering TupleFunction: http://jena.hpl.hp.com/ARQ/list#length
[INFO ] 2023-02-13 12:44:27,485 [repositories/interaction_context | c.o.p.magic-predicates] Registering InverseMagicPredicate: http://jena.hpl.hp.com/ARQ/property#concat
[INFO ] 2023-02-13 12:44:27,485 [repositories/interaction_context | c.o.p.magic-predicates] Registering InverseMagicPredicate: http://spinrdf.org/spif#for
[INFO ] 2023-02-13 12:44:27,486 [repositories/interaction_context | c.o.p.magic-predicates] Registering InverseMagicPredicate: http://spinrdf.org/spif#split
[INFO ] 2023-02-13 12:44:27,486 [repositories/interaction_context | c.o.p.magic-predicates] Registering TupleFunction: http://jena.hpl.hp.com/ARQ/list#member
[INFO ] 2023-02-13 12:44:27,486 [repositories/interaction_context | c.o.p.magic-predicates] Registering TupleFunction: http://jena.hpl.hp.com/ARQ/list#index
[INFO ] 2023-02-13 12:44:27,487 [repositories/interaction_context | c.o.p.magic-predicates] Registering InverseMagicPredicate: http://jena.hpl.hp.com/ARQ/property#strSplit
[INFO ] 2023-02-13 12:44:27,487 [repositories/interaction_context | c.o.t.s.i.PluginManager] Initializing plugin 'mongodb'
[INFO ] 2023-02-13 12:44:27,488 [repositories/interaction_context | c.o.t.s.i.PluginManager] Initializing plugin 'notifications'
[INFO ] 2023-02-13 12:44:27,489 [repositories/interaction_context | c.o.t.s.i.PluginManager] Initializing plugin 'notifications-logger'
[INFO ] 2023-02-13 12:44:27,490 [repositories/interaction_context | c.o.t.s.i.PluginManager] Initializing plugin 'plugincontrol'
[INFO ] 2023-02-13 12:44:27,492 [repositories/interaction_context | c.o.t.p.p.PluginControlPlugin] Plugin:plugincontrol initialized
[INFO ] 2023-02-13 12:44:27,492 [repositories/interaction_context | c.o.t.s.i.PluginManager] Initializing plugin 'proof'
[INFO ] 2023-02-13 12:44:27,493 [repositories/interaction_context | c.o.t.s.i.PluginManager] Initializing plugin 'rdfrank'
[INFO ] 2023-02-13 12:44:27,498 [repositories/interaction_context | c.o.t.s.i.PluginManager] Initializing plugin 'script'
[INFO ] 2023-02-13 12:44:27,499 [repositories/interaction_context | c.o.t.s.i.PluginManager] Initializing plugin 'sequences'
[INFO ] 2023-02-13 12:44:27,500 [repositories/interaction_context | c.o.t.s.i.PluginManager] Initializing plugin 'similarity'
[INFO ] 2023-02-13 12:44:27,504 [repositories/interaction_context | c.o.t.s.i.PluginManager] Initializing plugin 'solr-connector'
[INFO ] 2023-02-13 12:44:27,513 [repositories/interaction_context | c.o.t.s.i.PluginManager] Initializing plugin 'sparql-mm'
[INFO ] 2023-02-13 12:44:27,550 [repositories/interaction_context | c.o.g.s.FunctionLoader] Registered 58 functions from package com.github.tkurz.sparqlmm.function.
[INFO ] 2023-02-13 12:44:27,551 [repositories/interaction_context | c.o.t.s.i.PluginManager] Initializing plugin 'sparql-template'
[INFO ] 2023-02-13 12:44:27,552 [repositories/interaction_context | c.o.t.s.i.PluginManager] Initializing plugin 'text-mining'
[INFO ] 2023-02-13 12:44:27,554 [repositories/interaction_context | c.o.t.s.i.PluginManager] Initializing plugin 'tx-rollback'
[INFO ] 2023-02-13 12:44:27,555 [repositories/interaction_context | c.o.t.s.i.PluginManager] Initializing plugin 'utils'
[INFO ] 2023-02-13 12:44:28,251 [repositories/interaction_context | c.o.t.s.i.PluginManager] Finished initializing plugins
[INFO ] 2023-02-13 12:44:28,253 [repositories/interaction_context | c.o.c.AbstractParameter] Configured parameter 'graphdb.page.cache.size' to default value '512.0M'
[INFO ] 2023-02-13 12:44:28,352 [repositories/interaction_context | c.o.c.AbstractParameter] Configured parameter 'do.resolve.entities' to default value 'true'
[INFO ] 2023-02-13 12:44:28,353 [repositories/interaction_context | c.o.c.AbstractParameter] Configured parameter 'do.load.data' to default value 'true'
[INFO ] 2023-02-13 12:44:28,353 [repositories/interaction_context | c.o.r.p.ParallelLoader] Data will be parsed + resolved + loaded.
[INFO ] 2023-02-13 12:44:28,353 [repositories/interaction_context | c.o.c.AbstractParameter] Configured parameter 'graphdb.persistent.parallel.inferencers' to default value 'false'
[INFO ] 2023-02-13 12:44:28,406 [repositories/interaction_context | c.o.r.p.ParallelLoader] Using 1 threads for inference
[INFO ] 2023-02-13 12:44:28,591 [repositories/interaction_context | o.e.r.h.s.r.n.NamespacesController] GET namespace list
[INFO ] 2023-02-13 12:44:28,659 [repositories/interaction_context | c.o.c.AbstractParameter] Configured parameter 'custom.validation.queries.file' to default value 'null'
[INFO ] 2023-02-13 12:44:28,842 [repositories/interaction_context | o.e.r.h.s.r.TupleQueryResultView] Request for query 3392903 is finished
[INFO ] 2023-02-13 12:44:29,025 [repositories/interaction_context | o.e.r.h.s.r.n.NamespacesController] GET namespace list
[INFO ] 2023-02-13 12:44:29,031 [repositories/interaction_context | o.e.r.h.s.r.TupleQueryResultView] Request for query 3392903 is finished
[INFO ] 2023-02-13 12:44:31,247 [repositories/interaction_context | c.o.g.s.h.GraphDBQueryResultHandler] POST query -1712550143
[INFO ] 2023-02-13 12:44:31,367 [repositories/interaction_context | c.o.c.AbstractParameter] Configured parameter 'deduplicate.construct' to default value 'true'
[INFO ] 2023-02-13 12:44:31,391 [repositories/interaction_context | c.o.c.AbstractParameter] Configured parameter 'reuse.vars.in.subselects' to default value 'true'
[INFO ] 2023-02-13 12:44:31,413 [repositories/interaction_context | c.o.c.AbstractParameter] Configured parameter 'in-clause-max-members' to default value '16'
[INFO ] 2023-02-13 12:44:31,413 [repositories/interaction_context | c.o.c.AbstractParameter] Configured parameter 'query.convert.values.clause' to default value 'true'
[INFO ] 2023-02-13 12:44:31,423 [repositories/interaction_context | c.o.c.AbstractParameter] Configured parameter 'hash.join' to default value 'false'
[INFO ] 2023-02-13 12:44:31,425 [repositories/interaction_context | c.o.c.AbstractParameter] Configured parameter 'merge.join' to default value 'false'
[INFO ] 2023-02-13 12:44:31,497 [repositories/interaction_context | c.o.g.s.TupleQueryResultView] Request for query -1712550143 is finished
[INFO ] 2023-02-13 12:44:54,242 [repositories/interaction_context | c.o.g.s.h.GraphDBQueryResultHandler] POST query 1685717845
[INFO ] 2023-02-13 12:44:54,271 [repositories/interaction_context | c.o.g.s.TupleQueryResultView] Request for query 1685717845 is finished
[INFO ] 2023-02-13 13:24:54,762 [repositories/interaction_context | o.e.r.h.s.r.n.NamespacesController] GET namespace list
[INFO ] 2023-02-13 13:24:54,768 [repositories/interaction_context | o.e.r.h.s.r.TupleQueryResultView] Request for query 3392903 is finished
[INFO ] 2023-02-13 13:24:55,019 [repositories/interaction_context | o.e.r.h.s.r.n.NamespacesController] GET namespace list
[INFO ] 2023-02-13 13:24:55,023 [repositories/interaction_context | o.e.r.h.s.r.TupleQueryResultView] Request for query 3392903 is finished
