[INFO ] 2023-02-10 11:59:07,768 [main | c.o.g.Config] Using 'jar:file:/opt/graphdb/dist/lib/graphdb-application-common-10.0.0.jar!/com/ontotext/graphdb/logback.xml' as logback's configuration file
[INFO ] 2023-02-10 11:59:09,187 [main | c.o.g.s.GraphDB] Starting GraphDB in workbench mode.
[INFO ] 2023-02-10 11:59:37,909 [main | c.o.g.Config] GraphDB Home directory: /opt/graphdb/home
[INFO ] 2023-02-10 11:59:37,914 [main | c.o.g.Config] GraphDB Config directory: /opt/graphdb/home/conf
[INFO ] 2023-02-10 11:59:37,918 [main | c.o.g.Config] GraphDB Data directory: /opt/graphdb/home/data
[INFO ] 2023-02-10 11:59:37,924 [main | c.o.g.Config] GraphDB Work directory: /opt/graphdb/home/work
[INFO ] 2023-02-10 11:59:37,927 [main | c.o.g.Config] GraphDB Logs directory: /opt/graphdb/home/logs
[INFO ] 2023-02-10 11:59:39,321 [main | c.o.g.r.s.SecurityUtil] Cluster gRPC server security is disabled
[INFO ] 2023-02-10 11:59:39,928 [main | c.o.f.c.s.r.GraphDBRpcServer] Started gRPC server on port 7300 successfully
[INFO ] 2023-02-10 11:59:48,201 [main | c.o.g.s.GraphDB] Started GraphDB in workbench mode at port 7200.
[INFO ] 2023-02-10 12:09:38,873 [Thread-3 | c.o.g.s.GraphDB] Stopping GraphDB.
[INFO ] 2023-02-10 14:04:51,643 [main | c.o.g.Config] Using 'jar:file:/opt/graphdb/dist/lib/graphdb-application-common-10.0.0.jar!/com/ontotext/graphdb/logback.xml' as logback's configuration file
[INFO ] 2023-02-10 14:04:53,888 [main | c.o.g.s.GraphDB] Starting GraphDB in workbench mode.
[INFO ] 2023-02-10 14:05:27,067 [main | c.o.g.Config] GraphDB Home directory: /opt/graphdb/home
[INFO ] 2023-02-10 14:05:27,072 [main | c.o.g.Config] GraphDB Config directory: /opt/graphdb/home/conf
[INFO ] 2023-02-10 14:05:27,082 [main | c.o.g.Config] GraphDB Data directory: /opt/graphdb/home/data
[INFO ] 2023-02-10 14:05:27,087 [main | c.o.g.Config] GraphDB Work directory: /opt/graphdb/home/work
[INFO ] 2023-02-10 14:05:27,090 [main | c.o.g.Config] GraphDB Logs directory: /opt/graphdb/home/logs
[INFO ] 2023-02-10 14:05:29,262 [main | c.o.g.r.s.SecurityUtil] Cluster gRPC server security is disabled
[INFO ] 2023-02-10 14:05:30,758 [main | c.o.f.c.s.r.GraphDBRpcServer] Started gRPC server on port 7300 successfully
[INFO ] 2023-02-10 14:05:42,772 [main | c.o.g.s.GraphDB] Started GraphDB in workbench mode at port 7200.
[INFO ] 2023-02-10 14:10:05,864 [Thread-3 | c.o.g.s.GraphDB] Stopping GraphDB.
[INFO ] 2023-02-10 14:22:50,562 [main | c.o.g.Config] Using 'jar:file:/opt/graphdb/dist/lib/graphdb-application-common-10.0.0.jar!/com/ontotext/graphdb/logback.xml' as logback's configuration file
[INFO ] 2023-02-10 14:22:52,991 [main | c.o.g.s.GraphDB] Starting GraphDB in workbench mode.
[INFO ] 2023-02-10 14:23:25,144 [main | c.o.g.Config] GraphDB Home directory: /opt/graphdb/home
[INFO ] 2023-02-10 14:23:25,152 [main | c.o.g.Config] GraphDB Config directory: /opt/graphdb/home/conf
[INFO ] 2023-02-10 14:23:25,157 [main | c.o.g.Config] GraphDB Data directory: /opt/graphdb/home/data
[INFO ] 2023-02-10 14:23:25,163 [main | c.o.g.Config] GraphDB Work directory: /opt/graphdb/home/work
[INFO ] 2023-02-10 14:23:25,169 [main | c.o.g.Config] GraphDB Logs directory: /opt/graphdb/home/logs
[INFO ] 2023-02-10 14:23:27,522 [main | c.o.g.r.s.SecurityUtil] Cluster gRPC server security is disabled
[INFO ] 2023-02-10 14:23:28,800 [main | c.o.f.c.s.r.GraphDBRpcServer] Started gRPC server on port 7300 successfully
[INFO ] 2023-02-10 14:23:40,915 [main | c.o.g.s.GraphDB] Started GraphDB in workbench mode at port 7200.
[INFO ] 2023-02-10 14:29:10,732 [http-nio-7200-exec-10 | c.o.t.OwlimSchemaRepository] Version: 10.0, revision: 580949524
[INFO ] 2023-02-10 14:29:10,768 [http-nio-7200-exec-10 | c.o.t.OwlimSchemaRepository] Build date: Wed Jun 29 19:29:19 GMT 2022
[INFO ] 2023-02-10 14:29:10,823 [http-nio-7200-exec-10 | c.o.t.OwlimSchemaRepository] Started repository interaction_context in READ/WRITE mode.
[INFO ] 2023-02-10 14:29:10,869 [http-nio-7200-exec-10 | c.o.c.AbstractParameter] Configured parameter 'partialRDFS' to default value 'false'
[INFO ] 2023-02-10 14:29:10,871 [http-nio-7200-exec-10 | c.o.c.AbstractParameter] Configured parameter 'transaction-isolation' to default value 'true'
[INFO ] 2023-02-10 14:29:10,878 [http-nio-7200-exec-10 | c.o.c.AbstractParameter] Configured parameter 'checkForValidPropertiesAndClasses' to default value 'false'
[INFO ] 2023-02-10 14:29:10,894 [http-nio-7200-exec-10 | c.o.c.AbstractParameter] Configured parameter 'transaction-mode' to default value 'safe'
[INFO ] 2023-02-10 14:29:10,901 [http-nio-7200-exec-10 | c.o.c.AbstractParameter] Configured parameter 'entity-pool-implementation' to default value 'transactional'
[INFO ] 2023-02-10 14:29:10,904 [http-nio-7200-exec-10 | c.o.c.AbstractParameter] Configured parameter 'useShutdownHooks' to default value 'true'
[INFO ] 2023-02-10 14:29:10,962 [http-nio-7200-exec-10 | c.o.GraphDBConfigParameters] Cache pages for tuples: 7829
[INFO ] 2023-02-10 14:29:10,967 [http-nio-7200-exec-10 | c.o.GraphDBConfigParameters] Cache pages for predicates: 1118
[INFO ] 2023-02-10 14:29:11,003 [http-nio-7200-exec-10 | c.o.c.AbstractParameter] Configured parameter 'graphdb.global.page.cache' to default value 'true'
[INFO ] 2023-02-10 14:29:11,037 [http-nio-7200-exec-10 | c.o.t.OwlimSchemaRepository] Storage folder do not exists and is created: /opt/graphdb/home/data/repositories/interaction_context/storage
[INFO ] 2023-02-10 14:29:11,235 [http-nio-7200-exec-10 | c.o.c.AbstractParameter] Configured parameter 'graphdb.epool.onheap' to default value 'false'
[INFO ] 2023-02-10 14:29:11,237 [http-nio-7200-exec-10 | c.o.t.e.EntityPoolFactory] Using entity pool implementation: transactional-disk
[INFO ] 2023-02-10 14:29:11,261 [http-nio-7200-exec-10 | c.o.c.AbstractParameter] Configured parameter 'epool.connection.cache.size' to default value '2000'
[INFO ] 2023-02-10 14:29:11,297 [http-nio-7200-exec-10 | c.o.c.AbstractParameter] Configured parameter 'graphdb.epool.onheap' to default value 'false'
[INFO ] 2023-02-10 14:29:11,543 [http-nio-7200-exec-10 | c.o.c.AbstractParameter] Configured parameter 'enable-pool-reversecache' to default value 'true'
[INFO ] 2023-02-10 14:29:12,422 [http-nio-7200-exec-10 | c.o.c.AbstractParameter] Configured parameter 'allow-system-entities-as-data' to default value 'false'
[INFO ] 2023-02-10 14:29:12,433 [http-nio-7200-exec-10 | c.o.t.u.l.LimitedObjectCacheFactory] Using LRU cache type: synch
[INFO ] 2023-02-10 14:29:12,456 [http-nio-7200-exec-10 | c.o.c.AbstractParameter] Configured parameter 'cache-ratio-so-os-cso-cos' to default value '[50, 50, 50]'
[INFO ] 2023-02-10 14:29:12,638 [http-nio-7200-exec-10 | c.o.c.AbstractParameter] Configured parameter 'graphdb.global.page.cache' to default value 'true'
[INFO ] 2023-02-10 14:29:12,644 [http-nio-7200-exec-10 | c.o.c.AbstractParameter] Configured parameter 'graphdb.page.cache.size' to default value '1.5G'
[INFO ] 2023-02-10 14:29:13,391 [http-nio-7200-exec-10 | c.o.c.AbstractParameter] Configured parameter 'virtual.repository.mode' to default value 'false'
[INFO ] 2023-02-10 14:29:13,527 [http-nio-7200-exec-10 | c.o.c.AbstractParameter] Configured parameter 'enable-debug-rules' to default value 'false'
[INFO ] 2023-02-10 14:29:13,564 [http-nio-7200-exec-10 | c.o.t.InferencerFactory] ruleSet=rdfsplus-optimized, partialRdfs=false
[INFO ] 2023-02-10 14:29:13,600 [http-nio-7200-exec-10 | c.o.c.AbstractParameter] Configured parameter 'filter.obj.only.hint' to default value 'true'
[INFO ] 2023-02-10 14:29:13,721 [http-nio-7200-exec-10 | c.o.c.AbstractParameter] Configured parameter 'epool.journal.buffer.size' to default value '1024'
[INFO ] 2023-02-10 14:29:13,944 [http-nio-7200-exec-10 | c.o.c.AbstractParameter] Configured parameter 'check.pred.stats' to default value 'false'
[INFO ] 2023-02-10 14:29:14,414 [http-nio-7200-exec-10 | c.o.c.AbstractParameter] Configured parameter 'disable-plugins' to default value '[]'
[INFO ] 2023-02-10 14:29:14,417 [http-nio-7200-exec-10 | c.o.c.AbstractParameter] Configured parameter 'skip-default-plugins' to default value 'false'
[INFO ] 2023-02-10 14:29:14,420 [http-nio-7200-exec-10 | c.o.t.OwlimSchemaRepository] Searching for plugins available in the classpath...
[INFO ] 2023-02-10 14:29:14,597 [http-nio-7200-exec-10 | c.o.t.s.i.PluginManager] Registering plugin direct
[INFO ] 2023-02-10 14:29:14,599 [http-nio-7200-exec-10 | c.o.t.s.i.PluginManager] Registering plugin notifications
[INFO ] 2023-02-10 14:29:14,601 [http-nio-7200-exec-10 | c.o.t.s.i.PluginManager] Registering plugin expose-entity
[INFO ] 2023-02-10 14:29:14,602 [http-nio-7200-exec-10 | c.o.t.s.i.PluginManager] Registering plugin literals-index
[INFO ] 2023-02-10 14:29:14,604 [http-nio-7200-exec-10 | c.o.t.s.i.PluginManager] Registering plugin script
[INFO ] 2023-02-10 14:29:14,605 [http-nio-7200-exec-10 | c.o.t.s.i.PluginManager] Registering plugin utils
[INFO ] 2023-02-10 14:29:14,607 [http-nio-7200-exec-10 | c.o.t.s.i.PluginManager] Registering plugin plugincontrol
[INFO ] 2023-02-10 14:29:14,608 [http-nio-7200-exec-10 | c.o.t.s.i.PluginManager] Registering plugin magic-predicates
[INFO ] 2023-02-10 14:29:14,611 [http-nio-7200-exec-10 | c.o.t.s.i.PluginManager] Registering plugin sparql-template
[INFO ] 2023-02-10 14:29:14,613 [http-nio-7200-exec-10 | c.o.c.AbstractParameter] Configured parameter 'register-plugins' to default value '[]'
[INFO ] 2023-02-10 14:29:14,622 [http-nio-7200-exec-10 | c.o.GraphDBConfigParameters] Reading external plugins from /opt/graphdb/dist/lib/plugins
[INFO ] 2023-02-10 14:29:14,624 [http-nio-7200-exec-10 | c.o.c.AbstractParameter] Configured parameter 'register-external-plugins' to default value '[/opt/graphdb/dist/lib/plugins]'
[INFO ] 2023-02-10 14:29:14,630 [http-nio-7200-exec-10 | c.o.t.OwlimSchemaRepository] Registering external plugins...
[INFO ] 2023-02-10 14:29:14,666 [http-nio-7200-exec-10 | c.o.t.OwlimSchemaRepository] Scanning /opt/graphdb/dist/lib/plugins/history-plugin for plugins
[INFO ] 2023-02-10 14:29:14,714 [http-nio-7200-exec-10 | c.o.t.s.i.PluginManager] Registering plugin history
[INFO ] 2023-02-10 14:29:14,715 [http-nio-7200-exec-10 | c.o.t.OwlimSchemaRepository] Scanning /opt/graphdb/dist/lib/plugins/geosparql-plugin for plugins
[INFO ] 2023-02-10 14:29:15,009 [http-nio-7200-exec-10 | c.o.t.s.i.PluginManager] Registering plugin GeoSPARQL
[INFO ] 2023-02-10 14:29:15,010 [http-nio-7200-exec-10 | c.o.t.OwlimSchemaRepository] Scanning /opt/graphdb/dist/lib/plugins/sequences-plugin for plugins
[INFO ] 2023-02-10 14:29:15,033 [http-nio-7200-exec-10 | c.o.t.s.i.PluginManager] Registering plugin sequences
[INFO ] 2023-02-10 14:29:15,034 [http-nio-7200-exec-10 | c.o.t.OwlimSchemaRepository] Scanning /opt/graphdb/dist/lib/plugins/entity-change-connector for plugins
[INFO ] 2023-02-10 14:29:15,177 [http-nio-7200-exec-10 | c.o.t.s.i.PluginManager] Registering plugin entity-change
[INFO ] 2023-02-10 14:29:15,179 [http-nio-7200-exec-10 | c.o.t.OwlimSchemaRepository] Scanning /opt/graphdb/dist/lib/plugins/solr-connector for plugins
[INFO ] 2023-02-10 14:29:15,367 [http-nio-7200-exec-10 | c.o.t.s.i.PluginManager] Registering plugin solr-connector
[INFO ] 2023-02-10 14:29:15,368 [http-nio-7200-exec-10 | c.o.t.OwlimSchemaRepository] Scanning /opt/graphdb/dist/lib/plugins/notifications-logger-plugin for plugins
[INFO ] 2023-02-10 14:29:15,377 [http-nio-7200-exec-10 | c.o.t.s.i.PluginManager] Registering plugin notifications-logger
[INFO ] 2023-02-10 14:29:15,379 [http-nio-7200-exec-10 | c.o.t.OwlimSchemaRepository] Scanning /opt/graphdb/dist/lib/plugins/tx-rollback-plugin for plugins
[INFO ] 2023-02-10 14:29:15,389 [http-nio-7200-exec-10 | c.o.t.s.i.PluginManager] Registering plugin tx-rollback
[INFO ] 2023-02-10 14:29:15,390 [http-nio-7200-exec-10 | c.o.t.OwlimSchemaRepository] Scanning /opt/graphdb/dist/lib/plugins/geospatial-plugin for plugins
[INFO ] 2023-02-10 14:29:15,689 [http-nio-7200-exec-10 | c.o.t.p.g.FunctionLoader] Registered 1 functions from package com.ontotext.trree.plugin.geo.
[INFO ] 2023-02-10 14:29:15,690 [http-nio-7200-exec-10 | c.o.t.s.i.PluginManager] Registering plugin geospatial
[INFO ] 2023-02-10 14:29:15,691 [http-nio-7200-exec-10 | c.o.t.OwlimSchemaRepository] Scanning /opt/graphdb/dist/lib/plugins/rdfrank-plugin for plugins
[INFO ] 2023-02-10 14:29:15,708 [http-nio-7200-exec-10 | c.o.t.s.i.PluginManager] Registering plugin rdfrank
[INFO ] 2023-02-10 14:29:15,709 [http-nio-7200-exec-10 | c.o.t.OwlimSchemaRepository] Scanning /opt/graphdb/dist/lib/plugins/similarity-plugin for plugins
[INFO ] 2023-02-10 14:29:15,767 [http-nio-7200-exec-10 | c.o.t.s.i.PluginManager] Registering plugin similarity
[INFO ] 2023-02-10 14:29:15,768 [http-nio-7200-exec-10 | c.o.t.OwlimSchemaRepository] Scanning /opt/graphdb/dist/lib/plugins/change-tracking-plugin for plugins
[INFO ] 2023-02-10 14:29:15,783 [http-nio-7200-exec-10 | c.o.t.s.i.PluginManager] Registering plugin change-tracking
[INFO ] 2023-02-10 14:29:15,785 [http-nio-7200-exec-10 | c.o.t.OwlimSchemaRepository] Scanning /opt/graphdb/dist/lib/plugins/lucene-connector for plugins
[INFO ] 2023-02-10 14:29:15,916 [http-nio-7200-exec-10 | c.o.t.s.i.PluginManager] Registering plugin lucene-connector
[INFO ] 2023-02-10 14:29:15,917 [http-nio-7200-exec-10 | c.o.t.OwlimSchemaRepository] Scanning /opt/graphdb/dist/lib/plugins/dependencies-plugin for plugins
[INFO ] 2023-02-10 14:29:15,940 [http-nio-7200-exec-10 | c.o.t.s.i.PluginManager] Registering plugin dependencies-plugin
[INFO ] 2023-02-10 14:29:15,941 [http-nio-7200-exec-10 | c.o.t.OwlimSchemaRepository] Scanning /opt/graphdb/dist/lib/plugins/text-mining-plugin for plugins
[INFO ] 2023-02-10 14:29:15,966 [http-nio-7200-exec-10 | c.o.t.s.i.PluginManager] Registering plugin text-mining
[INFO ] 2023-02-10 14:29:15,967 [http-nio-7200-exec-10 | c.o.t.OwlimSchemaRepository] Scanning /opt/graphdb/dist/lib/plugins/autocomplete-plugin for plugins
[INFO ] 2023-02-10 14:29:16,005 [http-nio-7200-exec-10 | c.o.t.s.i.PluginManager] Registering plugin autocomplete
[INFO ] 2023-02-10 14:29:16,006 [http-nio-7200-exec-10 | c.o.t.OwlimSchemaRepository] Scanning /opt/graphdb/dist/lib/plugins/elasticsearch-connector for plugins
[INFO ] 2023-02-10 14:29:16,286 [http-nio-7200-exec-10 | c.o.t.s.i.PluginManager] Registering plugin elasticsearch-connector
[INFO ] 2023-02-10 14:29:16,288 [http-nio-7200-exec-10 | c.o.t.OwlimSchemaRepository] Scanning /opt/graphdb/dist/lib/plugins/kafka-connector for plugins
[INFO ] 2023-02-10 14:29:16,364 [http-nio-7200-exec-10 | c.o.t.s.i.PluginManager] Registering plugin kafka-connector
[INFO ] 2023-02-10 14:29:16,365 [http-nio-7200-exec-10 | c.o.t.OwlimSchemaRepository] Scanning /opt/graphdb/dist/lib/plugins/mongodb-plugin for plugins
[INFO ] 2023-02-10 14:29:16,388 [http-nio-7200-exec-10 | c.o.t.s.i.PluginManager] Registering plugin mongodb
[INFO ] 2023-02-10 14:29:16,389 [http-nio-7200-exec-10 | c.o.t.OwlimSchemaRepository] Scanning /opt/graphdb/dist/lib/plugins/proof-plugin for plugins
[INFO ] 2023-02-10 14:29:16,401 [http-nio-7200-exec-10 | c.o.t.s.i.PluginManager] Registering plugin proof
[INFO ] 2023-02-10 14:29:16,402 [http-nio-7200-exec-10 | c.o.t.OwlimSchemaRepository] Scanning /opt/graphdb/dist/lib/plugins/sparql-mm for plugins
[INFO ] 2023-02-10 14:29:16,415 [http-nio-7200-exec-10 | c.o.t.s.i.PluginManager] Registering plugin sparql-mm
[INFO ] 2023-02-10 14:29:16,416 [http-nio-7200-exec-10 | c.o.t.s.i.PluginManager] Initializing plugins... (DEFAULT)
[INFO ] 2023-02-10 14:29:16,435 [http-nio-7200-exec-10 | c.o.l.LicenseRegistry] License configuration: Embedded license
[INFO ] 2023-02-10 14:29:16,436 [http-nio-7200-exec-10 | c.o.l.LicenseRegistry] License file: jar:file:/opt/graphdb/dist/lib/graphdb-runtime-10.0.0.jar!/GRAPHDB_LITE.license
[INFO ] 2023-02-10 14:29:16,442 [http-nio-7200-exec-10 | c.o.l.LicenseRegistry] Product:                 GRAPHDB_LITE
[INFO ] 2023-02-10 14:29:16,444 [http-nio-7200-exec-10 | c.o.l.LicenseRegistry] Usage restriction:       null
[INFO ] 2023-02-10 14:29:16,445 [http-nio-7200-exec-10 | c.o.l.LicenseRegistry] Licensee:                Freeware
[INFO ] 2023-02-10 14:29:16,446 [http-nio-7200-exec-10 | c.o.l.LicenseRegistry] Permitted use:           THE SOFTWARE IS PROVIDED "AS IS", WITHOUT WARRANTY OF ANY KIND, EXPRESS OR IMPLIED, INCLUDING BUT NOT LIMITED TO THE WARRANTIES OF MERCHANTABILITY, FITNESS FOR A PARTICULAR PURPOSE AND NONINFRINGEMENT. IN NO EVENT SHALL THE AUTHORS OR COPYRIGHT HOLDERS BE LIABLE FOR ANY CLAIM, DAMAGES OR OTHER LIABILITY, WHETHER IN AN ACTION OF CONTRACT, TORT OR OTHERWISE, ARISING FROM, OUT OF OR IN CONNECTION WITH THE SOFTWARE OR THE USE OR OTHER DEALINGS IN THE SOFTWARE.
[INFO ] 2023-02-10 14:29:16,447 [http-nio-7200-exec-10 | c.o.l.LicenseRegistry] Version:                 10.0
[INFO ] 2023-02-10 14:29:16,447 [http-nio-7200-exec-10 | c.o.l.LicenseRegistry] Expiry date:             none
[INFO ] 2023-02-10 14:29:16,448 [http-nio-7200-exec-10 | c.o.l.LicenseRegistry] Latest publication date: none
[INFO ] 2023-02-10 14:29:16,449 [http-nio-7200-exec-10 | c.o.l.LicenseRegistry] Max CPU cores:           1
[INFO ] 2023-02-10 14:29:16,454 [http-nio-7200-exec-10 | c.o.c.AbstractParameter] Configured parameter 'nonInterpretablePredicates' to default value 'null'
[INFO ] 2023-02-10 14:29:16,472 [http-nio-7200-exec-10 | c.o.t.s.i.PluginManager] Initializing plugin 'GeoSPARQL'
[INFO ] 2023-02-10 14:29:21,436 [http-nio-7200-exec-10 | c.o.t.g.FunctionLoader] Registered 50 functions from package com.useekm.geosparql.
[INFO ] 2023-02-10 14:29:21,450 [http-nio-7200-exec-10 | c.o.t.s.i.PluginManager] Initializing plugin 'autocomplete'
[INFO ] 2023-02-10 14:29:21,478 [http-nio-7200-exec-10 | c.o.t.p.a.AutocompletePluginUtils] >>>>>>>> AutocompletePlugin: No configuration file found at /opt/graphdb/home/data/repositories/interaction_context/storage/autocomplete/v2/config.properties. Assuming default options for plugin.
[INFO ] 2023-02-10 14:29:21,514 [http-nio-7200-exec-10 | c.o.t.s.i.PluginManager] Initializing plugin 'change-tracking'
[INFO ] 2023-02-10 14:29:21,624 [http-nio-7200-exec-10 | c.o.t.s.i.PluginManager] Initializing plugin 'dependencies-plugin'
[INFO ] 2023-02-10 14:29:21,629 [http-nio-7200-exec-10 | c.o.t.s.i.PluginManager] Initializing plugin 'direct'
[INFO ] 2023-02-10 14:29:21,635 [http-nio-7200-exec-10 | c.o.t.s.i.PluginManager] Initializing plugin 'elasticsearch-connector'
[INFO ] 2023-02-10 14:29:21,733 [http-nio-7200-exec-10 | c.o.t.s.i.PluginManager] Initializing plugin 'entity-change'
[INFO ] 2023-02-10 14:29:21,807 [http-nio-7200-exec-10 | c.o.t.s.i.PluginManager] Initializing plugin 'expose-entity'
[INFO ] 2023-02-10 14:29:21,813 [http-nio-7200-exec-10 | c.o.t.s.i.PluginManager] Initializing plugin 'geospatial'
[INFO ] 2023-02-10 14:29:21,818 [http-nio-7200-exec-10 | c.o.t.p.g.GeoSpatialPlugin] Plugin:geospatial initialized
[INFO ] 2023-02-10 14:29:21,819 [http-nio-7200-exec-10 | c.o.t.s.i.PluginManager] Initializing plugin 'history'
[INFO ] 2023-02-10 14:29:21,948 [http-nio-7200-exec-10 | c.o.t.s.i.PluginManager] Initializing plugin 'kafka-connector'
[INFO ] 2023-02-10 14:29:22,049 [http-nio-7200-exec-10 | c.o.t.s.i.PluginManager] Initializing plugin 'literals-index'
[WARN ] 2023-02-10 14:29:22,257 [http-nio-7200-exec-10 | c.o.p.literals-index] Rebuilding literals indexes. Starting from id:1
[WARN ] 2023-02-10 14:29:22,570 [http-nio-7200-exec-10 | c.o.p.literals-index] Complete in 0.293, num entries indexed:0
[INFO ] 2023-02-10 14:29:22,571 [http-nio-7200-exec-10 | c.o.t.s.i.PluginManager] Initializing plugin 'lucene-connector'
[INFO ] 2023-02-10 14:29:22,613 [http-nio-7200-exec-10 | c.o.t.s.i.PluginManager] Initializing plugin 'magic-predicates'
[INFO ] 2023-02-10 14:29:22,617 [http-nio-7200-exec-10 | c.o.p.magic-predicates] Registering InverseMagicPredicate: http://spinrdf.org/spif#foreach
[INFO ] 2023-02-10 14:29:22,619 [http-nio-7200-exec-10 | c.o.p.magic-predicates] Registering TupleFunction: http://jena.hpl.hp.com/ARQ/list#length
[INFO ] 2023-02-10 14:29:22,621 [http-nio-7200-exec-10 | c.o.p.magic-predicates] Registering InverseMagicPredicate: http://jena.hpl.hp.com/ARQ/property#concat
[INFO ] 2023-02-10 14:29:22,628 [http-nio-7200-exec-10 | c.o.p.magic-predicates] Registering InverseMagicPredicate: http://spinrdf.org/spif#for
[INFO ] 2023-02-10 14:29:22,629 [http-nio-7200-exec-10 | c.o.p.magic-predicates] Registering InverseMagicPredicate: http://spinrdf.org/spif#split
[INFO ] 2023-02-10 14:29:22,630 [http-nio-7200-exec-10 | c.o.p.magic-predicates] Registering TupleFunction: http://jena.hpl.hp.com/ARQ/list#member
[INFO ] 2023-02-10 14:29:22,632 [http-nio-7200-exec-10 | c.o.p.magic-predicates] Registering TupleFunction: http://jena.hpl.hp.com/ARQ/list#index
[INFO ] 2023-02-10 14:29:22,634 [http-nio-7200-exec-10 | c.o.p.magic-predicates] Registering InverseMagicPredicate: http://jena.hpl.hp.com/ARQ/property#strSplit
[INFO ] 2023-02-10 14:29:22,635 [http-nio-7200-exec-10 | c.o.t.s.i.PluginManager] Initializing plugin 'mongodb'
[INFO ] 2023-02-10 14:29:22,637 [http-nio-7200-exec-10 | c.o.t.s.i.PluginManager] Initializing plugin 'notifications'
[INFO ] 2023-02-10 14:29:22,641 [http-nio-7200-exec-10 | c.o.t.s.i.PluginManager] Initializing plugin 'notifications-logger'
[INFO ] 2023-02-10 14:29:22,647 [http-nio-7200-exec-10 | c.o.t.s.i.PluginManager] Initializing plugin 'plugincontrol'
[INFO ] 2023-02-10 14:29:22,651 [http-nio-7200-exec-10 | c.o.t.p.p.PluginControlPlugin] Plugin:plugincontrol initialized
[INFO ] 2023-02-10 14:29:22,652 [http-nio-7200-exec-10 | c.o.t.s.i.PluginManager] Initializing plugin 'proof'
[INFO ] 2023-02-10 14:29:22,653 [http-nio-7200-exec-10 | c.o.t.s.i.PluginManager] Initializing plugin 'rdfrank'
[INFO ] 2023-02-10 14:29:22,686 [http-nio-7200-exec-10 | c.o.t.s.i.PluginManager] Initializing plugin 'script'
[INFO ] 2023-02-10 14:29:22,688 [http-nio-7200-exec-10 | c.o.t.s.i.PluginManager] Initializing plugin 'sequences'
[INFO ] 2023-02-10 14:29:22,733 [http-nio-7200-exec-10 | c.o.t.s.i.PluginManager] Initializing plugin 'similarity'
[INFO ] 2023-02-10 14:29:22,742 [http-nio-7200-exec-10 | c.o.t.s.i.PluginManager] Initializing plugin 'solr-connector'
[INFO ] 2023-02-10 14:29:22,782 [http-nio-7200-exec-10 | c.o.t.s.i.PluginManager] Initializing plugin 'sparql-mm'
[INFO ] 2023-02-10 14:29:22,882 [http-nio-7200-exec-10 | c.o.g.s.FunctionLoader] Registered 58 functions from package com.github.tkurz.sparqlmm.function.
[INFO ] 2023-02-10 14:29:22,882 [http-nio-7200-exec-10 | c.o.t.s.i.PluginManager] Initializing plugin 'sparql-template'
[INFO ] 2023-02-10 14:29:22,884 [http-nio-7200-exec-10 | c.o.t.s.i.PluginManager] Initializing plugin 'text-mining'
[INFO ] 2023-02-10 14:29:22,893 [http-nio-7200-exec-10 | c.o.t.s.i.PluginManager] Initializing plugin 'tx-rollback'
[INFO ] 2023-02-10 14:29:22,895 [http-nio-7200-exec-10 | c.o.t.s.i.PluginManager] Initializing plugin 'utils'
[INFO ] 2023-02-10 14:29:24,862 [http-nio-7200-exec-10 | c.o.t.s.i.PluginManager] Finished initializing plugins
[INFO ] 2023-02-10 14:29:24,865 [http-nio-7200-exec-10 | c.o.c.AbstractParameter] Configured parameter 'graphdb.page.cache.size' to default value '1.5G'
[INFO ] 2023-02-10 14:29:26,382 [http-nio-7200-exec-10 | c.o.c.AbstractParameter] Configured parameter 'do.resolve.entities' to default value 'true'
[INFO ] 2023-02-10 14:29:26,383 [http-nio-7200-exec-10 | c.o.c.AbstractParameter] Configured parameter 'do.load.data' to default value 'true'
[INFO ] 2023-02-10 14:29:26,384 [http-nio-7200-exec-10 | c.o.r.p.ParallelLoader] Data will be parsed + resolved + loaded.
[INFO ] 2023-02-10 14:29:26,385 [http-nio-7200-exec-10 | c.o.c.AbstractParameter] Configured parameter 'graphdb.persistent.parallel.inferencers' to default value 'false'
[INFO ] 2023-02-10 14:29:26,494 [http-nio-7200-exec-10 | c.o.r.p.ParallelLoader] Using 1 threads for inference
[INFO ] 2023-02-10 14:29:27,928 [repositories/interaction_context | o.e.r.h.s.r.n.NamespacesController] GET namespace list
[INFO ] 2023-02-10 14:29:28,188 [repositories/interaction_context | c.o.c.AbstractParameter] Configured parameter 'custom.validation.queries.file' to default value 'null'
[INFO ] 2023-02-10 14:29:28,617 [repositories/interaction_context | o.e.r.h.s.r.TupleQueryResultView] Request for query 3392903 is finished
[INFO ] 2023-02-10 14:29:29,497 [http-nio-7200-exec-2 | c.o.c.AbstractParameter] Configured parameter 'deduplicate.construct' to default value 'true'
[INFO ] 2023-02-10 14:29:29,663 [http-nio-7200-exec-2 | c.o.c.AbstractParameter] Configured parameter 'reuse.vars.in.subselects' to default value 'true'
[INFO ] 2023-02-10 14:29:29,865 [http-nio-7200-exec-2 | c.o.c.AbstractParameter] Configured parameter 'in-clause-max-members' to default value '16'
[INFO ] 2023-02-10 14:29:29,866 [http-nio-7200-exec-2 | c.o.c.AbstractParameter] Configured parameter 'query.convert.values.clause' to default value 'true'
[INFO ] 2023-02-10 14:29:29,947 [http-nio-7200-exec-2 | c.o.c.AbstractParameter] Configured parameter 'merge.join' to default value 'false'
[INFO ] 2023-02-10 14:29:52,632 [repositories/interaction_context | o.e.r.h.s.r.n.NamespacesController] GET namespace list
[INFO ] 2023-02-10 14:29:52,648 [repositories/interaction_context | o.e.r.h.s.r.TupleQueryResultView] Request for query 3392903 is finished
[INFO ] 2023-02-10 14:29:57,432 [repositories/interaction_context | o.e.r.h.s.r.n.NamespacesController] GET namespace list
[INFO ] 2023-02-10 14:29:57,447 [repositories/interaction_context | o.e.r.h.s.r.TupleQueryResultView] Request for query 3392903 is finished
[INFO ] 2023-02-10 14:30:02,189 [repositories/interaction_context | o.e.r.h.s.r.n.NamespacesController] GET namespace list
[INFO ] 2023-02-10 14:30:02,195 [repositories/interaction_context | o.e.r.h.s.r.TupleQueryResultView] Request for query 3392903 is finished
[INFO ] 2023-02-10 14:30:07,210 [repositories/interaction_context | o.e.r.h.s.r.n.NamespacesController] GET namespace list
[INFO ] 2023-02-10 14:30:07,215 [repositories/interaction_context | o.e.r.h.s.r.TupleQueryResultView] Request for query 3392903 is finished
[INFO ] 2023-02-10 14:30:12,175 [repositories/interaction_context | o.e.r.h.s.r.n.NamespacesController] GET namespace list
[INFO ] 2023-02-10 14:30:12,191 [repositories/interaction_context | o.e.r.h.s.r.TupleQueryResultView] Request for query 3392903 is finished
[INFO ] 2023-02-10 14:30:17,236 [repositories/interaction_context | o.e.r.h.s.r.n.NamespacesController] GET namespace list
[INFO ] 2023-02-10 14:30:17,242 [repositories/interaction_context | o.e.r.h.s.r.TupleQueryResultView] Request for query 3392903 is finished
[INFO ] 2023-02-10 14:30:22,370 [repositories/interaction_context | o.e.r.h.s.r.n.NamespacesController] GET namespace list
[INFO ] 2023-02-10 14:30:22,383 [repositories/interaction_context | o.e.r.h.s.r.TupleQueryResultView] Request for query 3392903 is finished
[INFO ] 2023-02-10 14:30:27,168 [repositories/interaction_context | o.e.r.h.s.r.n.NamespacesController] GET namespace list
[INFO ] 2023-02-10 14:30:27,175 [repositories/interaction_context | o.e.r.h.s.r.TupleQueryResultView] Request for query 3392903 is finished
[INFO ] 2023-02-10 14:30:32,139 [repositories/interaction_context | o.e.r.h.s.r.n.NamespacesController] GET namespace list
[INFO ] 2023-02-10 14:30:32,145 [repositories/interaction_context | o.e.r.h.s.r.TupleQueryResultView] Request for query 3392903 is finished
[INFO ] 2023-02-10 14:30:37,155 [repositories/interaction_context | o.e.r.h.s.r.n.NamespacesController] GET namespace list
[INFO ] 2023-02-10 14:30:37,161 [repositories/interaction_context | o.e.r.h.s.r.TupleQueryResultView] Request for query 3392903 is finished
[INFO ] 2023-02-10 14:30:42,176 [repositories/interaction_context | o.e.r.h.s.r.n.NamespacesController] GET namespace list
[INFO ] 2023-02-10 14:30:42,181 [repositories/interaction_context | o.e.r.h.s.r.TupleQueryResultView] Request for query 3392903 is finished
[INFO ] 2023-02-10 14:30:47,375 [repositories/interaction_context | o.e.r.h.s.r.n.NamespacesController] GET namespace list
[INFO ] 2023-02-10 14:30:47,386 [repositories/interaction_context | o.e.r.h.s.r.TupleQueryResultView] Request for query 3392903 is finished
[INFO ] 2023-02-10 14:30:52,200 [repositories/interaction_context | o.e.r.h.s.r.n.NamespacesController] GET namespace list
[INFO ] 2023-02-10 14:30:52,213 [repositories/interaction_context | o.e.r.h.s.r.TupleQueryResultView] Request for query 3392903 is finished
[INFO ] 2023-02-10 14:30:57,160 [repositories/interaction_context | o.e.r.h.s.r.n.NamespacesController] GET namespace list
[INFO ] 2023-02-10 14:30:57,166 [repositories/interaction_context | o.e.r.h.s.r.TupleQueryResultView] Request for query 3392903 is finished
[INFO ] 2023-02-10 14:31:02,160 [repositories/interaction_context | o.e.r.h.s.r.n.NamespacesController] GET namespace list
[INFO ] 2023-02-10 14:31:02,168 [repositories/interaction_context | o.e.r.h.s.r.TupleQueryResultView] Request for query 3392903 is finished
[INFO ] 2023-02-10 14:31:05,081 [repositories/interaction_context | o.e.r.h.s.r.TupleQueryResultView] Request for query 3392903 is finished
[INFO ] 2023-02-10 14:31:07,332 [repositories/interaction_context | o.e.r.h.s.r.TupleQueryResultView] Request for query 3392903 is finished
[INFO ] 2023-02-10 14:31:07,824 [http-nio-7200-exec-2 | c.o.c.AbstractParameter] Configured parameter 'hash.join' to default value 'false'
[INFO ] 2023-02-10 14:31:07,981 [http-nio-7200-exec-2 | c.o.c.AbstractParameter] Configured parameter 'default.min.distinct.threshold' to default value '250.0M'
[INFO ] 2023-02-10 14:31:13,558 [repositories/interaction_context | o.e.r.h.s.r.TupleQueryResultView] Request for query 3392903 is finished
[INFO ] 2023-02-10 14:31:14,260 [http-nio-7200-exec-7 | c.o.t.p.d.DependenciesPlugin] Start building dependency graph for all graphs
[INFO ] 2023-02-10 14:31:14,599 [http-nio-7200-exec-7 | c.o.t.p.d.DependenciesPlugin] Finished building dependency graph for all graphs: 0
[INFO ] 2023-02-10 14:37:08,341 [Thread-3 | c.o.g.s.GraphDB] Stopping GraphDB.
[INFO ] 2023-02-10 14:37:09,103 [Thread-3 | c.o.f.c.s.SemanticDataManagement] Shutting down current semantic location
[INFO ] 2023-02-10 14:56:51,805 [main | c.o.g.Config] Using 'jar:file:/opt/graphdb/dist/lib/graphdb-application-common-10.0.0.jar!/com/ontotext/graphdb/logback.xml' as logback's configuration file
[INFO ] 2023-02-10 14:56:54,289 [main | c.o.g.s.GraphDB] Starting GraphDB in workbench mode.
[INFO ] 2023-02-10 14:57:55,965 [main | c.o.g.Config] GraphDB Home directory: /opt/graphdb/home
[INFO ] 2023-02-10 14:57:55,974 [main | c.o.g.Config] GraphDB Config directory: /opt/graphdb/home/conf
[INFO ] 2023-02-10 14:57:55,977 [main | c.o.g.Config] GraphDB Data directory: /opt/graphdb/home/data
[INFO ] 2023-02-10 14:57:55,982 [main | c.o.g.Config] GraphDB Work directory: /opt/graphdb/home/work
[INFO ] 2023-02-10 14:57:55,985 [main | c.o.g.Config] GraphDB Logs directory: /opt/graphdb/home/logs
[INFO ] 2023-02-10 14:58:00,530 [main | c.o.g.r.s.SecurityUtil] Cluster gRPC server security is disabled
[INFO ] 2023-02-10 14:58:02,588 [main | c.o.f.c.s.r.GraphDBRpcServer] Started gRPC server on port 7300 successfully
[INFO ] 2023-02-10 14:58:18,446 [main | c.o.g.s.GraphDB] Started GraphDB in workbench mode at port 7200.
[INFO ] 2023-02-10 15:03:20,102 [Thread-3 | c.o.g.s.GraphDB] Stopping GraphDB.
[INFO ] 2023-02-10 15:11:00,463 [main | c.o.g.Config] Using 'jar:file:/opt/graphdb/dist/lib/graphdb-application-common-10.0.0.jar!/com/ontotext/graphdb/logback.xml' as logback's configuration file
[INFO ] 2023-02-10 15:11:02,650 [main | c.o.g.s.GraphDB] Starting GraphDB in workbench mode.
[INFO ] 2023-02-10 15:11:52,067 [main | c.o.g.Config] GraphDB Home directory: /opt/graphdb/home
[INFO ] 2023-02-10 15:11:52,117 [main | c.o.g.Config] GraphDB Config directory: /opt/graphdb/home/conf
[INFO ] 2023-02-10 15:11:52,121 [main | c.o.g.Config] GraphDB Data directory: /opt/graphdb/home/data
[INFO ] 2023-02-10 15:11:52,125 [main | c.o.g.Config] GraphDB Work directory: /opt/graphdb/home/work
[INFO ] 2023-02-10 15:11:52,127 [main | c.o.g.Config] GraphDB Logs directory: /opt/graphdb/home/logs
[INFO ] 2023-02-10 15:11:56,134 [main | c.o.g.r.s.SecurityUtil] Cluster gRPC server security is disabled
[INFO ] 2023-02-10 15:11:57,887 [main | c.o.f.c.s.r.GraphDBRpcServer] Started gRPC server on port 7300 successfully
[INFO ] 2023-02-10 15:12:12,419 [main | c.o.g.s.GraphDB] Started GraphDB in workbench mode at port 7200.
[INFO ] 2023-02-10 15:12:22,276 [http-nio-7200-exec-4 | c.o.t.OwlimSchemaRepository] Version: 10.0, revision: 580949524
[INFO ] 2023-02-10 15:12:22,283 [http-nio-7200-exec-4 | c.o.t.OwlimSchemaRepository] Build date: Wed Jun 29 19:29:19 GMT 2022
[INFO ] 2023-02-10 15:12:22,364 [http-nio-7200-exec-4 | c.o.t.OwlimSchemaRepository] Started repository interaction_context in READ/WRITE mode.
[INFO ] 2023-02-10 15:12:22,400 [http-nio-7200-exec-4 | c.o.c.AbstractParameter] Configured parameter 'partialRDFS' to default value 'false'
[INFO ] 2023-02-10 15:12:22,402 [http-nio-7200-exec-4 | c.o.c.AbstractParameter] Configured parameter 'transaction-isolation' to default value 'true'
[INFO ] 2023-02-10 15:12:22,405 [http-nio-7200-exec-4 | c.o.c.AbstractParameter] Configured parameter 'checkForValidPropertiesAndClasses' to default value 'false'
[INFO ] 2023-02-10 15:12:22,411 [http-nio-7200-exec-4 | c.o.c.AbstractParameter] Configured parameter 'transaction-mode' to default value 'safe'
[INFO ] 2023-02-10 15:12:22,413 [http-nio-7200-exec-4 | c.o.c.AbstractParameter] Configured parameter 'entity-pool-implementation' to default value 'transactional'
[INFO ] 2023-02-10 15:12:22,417 [http-nio-7200-exec-4 | c.o.c.AbstractParameter] Configured parameter 'useShutdownHooks' to default value 'true'
[INFO ] 2023-02-10 15:12:22,481 [http-nio-7200-exec-4 | c.o.GraphDBConfigParameters] Cache pages for tuples: 7829
[INFO ] 2023-02-10 15:12:22,483 [http-nio-7200-exec-4 | c.o.GraphDBConfigParameters] Cache pages for predicates: 1118
[INFO ] 2023-02-10 15:12:22,489 [http-nio-7200-exec-4 | c.o.c.AbstractParameter] Configured parameter 'graphdb.global.page.cache' to default value 'true'
[INFO ] 2023-02-10 15:12:22,794 [http-nio-7200-exec-4 | c.o.c.AbstractParameter] Configured parameter 'graphdb.epool.onheap' to default value 'false'
[INFO ] 2023-02-10 15:12:22,796 [http-nio-7200-exec-4 | c.o.t.e.EntityPoolFactory] Using entity pool implementation: transactional-disk
[INFO ] 2023-02-10 15:12:22,816 [http-nio-7200-exec-4 | c.o.c.AbstractParameter] Configured parameter 'epool.connection.cache.size' to default value '2000'
[INFO ] 2023-02-10 15:12:22,868 [http-nio-7200-exec-4 | c.o.c.AbstractParameter] Configured parameter 'graphdb.epool.onheap' to default value 'false'
[INFO ] 2023-02-10 15:12:23,074 [http-nio-7200-exec-4 | c.o.t.e.i.m.PersistedHashMap] Restoring entity hash table...
[INFO ] 2023-02-10 15:12:24,512 [http-nio-7200-exec-4 | c.o.t.e.i.m.PersistedHashMap] Restored 180 entities allocating 12.0 MB
[INFO ] 2023-02-10 15:12:24,528 [http-nio-7200-exec-4 | c.o.t.e.i.m.PersistedHashMap] Done in 1437 ms.
[INFO ] 2023-02-10 15:12:24,705 [http-nio-7200-exec-4 | c.o.c.AbstractParameter] Configured parameter 'enable-pool-reversecache' to default value 'true'
[INFO ] 2023-02-10 15:12:24,793 [http-nio-7200-exec-4 | c.o.c.AbstractParameter] Configured parameter 'allow-system-entities-as-data' to default value 'false'
[INFO ] 2023-02-10 15:12:24,803 [http-nio-7200-exec-4 | c.o.t.u.l.LimitedObjectCacheFactory] Using LRU cache type: synch
[INFO ] 2023-02-10 15:12:24,829 [http-nio-7200-exec-4 | c.o.c.AbstractParameter] Configured parameter 'cache-ratio-so-os-cso-cos' to default value '[50, 50, 50]'
[INFO ] 2023-02-10 15:12:24,916 [http-nio-7200-exec-4 | c.o.c.AbstractParameter] Configured parameter 'graphdb.global.page.cache' to default value 'true'
[INFO ] 2023-02-10 15:12:24,922 [http-nio-7200-exec-4 | c.o.c.AbstractParameter] Configured parameter 'graphdb.page.cache.size' to default value '1.5G'
[INFO ] 2023-02-10 15:12:25,590 [http-nio-7200-exec-4 | c.o.c.AbstractParameter] Configured parameter 'virtual.repository.mode' to default value 'false'
[WARN ] 2023-02-10 15:12:25,851 [http-nio-7200-exec-4 | c.o.t.OwlimSchemaRepository] Rule list configuration present, it will override all other rule sets parameters!
[INFO ] 2023-02-10 15:12:25,929 [http-nio-7200-exec-4 | c.o.c.AbstractParameter] Configured parameter 'epool.journal.buffer.size' to default value '1024'
[INFO ] 2023-02-10 15:12:25,987 [http-nio-7200-exec-4 | c.o.c.AbstractParameter] Configured parameter 'enable-debug-rules' to default value 'false'
[INFO ] 2023-02-10 15:12:26,039 [http-nio-7200-exec-4 | c.o.t.InferencerFactory] ruleSet=rdfsplus-optimized, partialRdfs=false
[INFO ] 2023-02-10 15:12:26,104 [http-nio-7200-exec-4 | c.o.c.AbstractParameter] Configured parameter 'filter.obj.only.hint' to default value 'true'
[INFO ] 2023-02-10 15:12:26,306 [http-nio-7200-exec-4 | c.o.c.AbstractParameter] Configured parameter 'check.pred.stats' to default value 'false'
[INFO ] 2023-02-10 15:12:26,637 [http-nio-7200-exec-4 | c.o.c.AbstractParameter] Configured parameter 'disable-plugins' to default value '[]'
[INFO ] 2023-02-10 15:12:26,638 [http-nio-7200-exec-4 | c.o.c.AbstractParameter] Configured parameter 'skip-default-plugins' to default value 'false'
[INFO ] 2023-02-10 15:12:26,639 [http-nio-7200-exec-4 | c.o.t.OwlimSchemaRepository] Searching for plugins available in the classpath...
[INFO ] 2023-02-10 15:12:26,768 [http-nio-7200-exec-4 | c.o.t.s.i.PluginManager] Registering plugin direct
[INFO ] 2023-02-10 15:12:26,770 [http-nio-7200-exec-4 | c.o.t.s.i.PluginManager] Registering plugin notifications
[INFO ] 2023-02-10 15:12:26,771 [http-nio-7200-exec-4 | c.o.t.s.i.PluginManager] Registering plugin expose-entity
[INFO ] 2023-02-10 15:12:26,772 [http-nio-7200-exec-4 | c.o.t.s.i.PluginManager] Registering plugin literals-index
[INFO ] 2023-02-10 15:12:26,773 [http-nio-7200-exec-4 | c.o.t.s.i.PluginManager] Registering plugin script
[INFO ] 2023-02-10 15:12:26,775 [http-nio-7200-exec-4 | c.o.t.s.i.PluginManager] Registering plugin utils
[INFO ] 2023-02-10 15:12:26,777 [http-nio-7200-exec-4 | c.o.t.s.i.PluginManager] Registering plugin plugincontrol
[INFO ] 2023-02-10 15:12:26,780 [http-nio-7200-exec-4 | c.o.t.s.i.PluginManager] Registering plugin magic-predicates
[INFO ] 2023-02-10 15:12:26,781 [http-nio-7200-exec-4 | c.o.t.s.i.PluginManager] Registering plugin sparql-template
[INFO ] 2023-02-10 15:12:26,783 [http-nio-7200-exec-4 | c.o.c.AbstractParameter] Configured parameter 'register-plugins' to default value '[]'
[INFO ] 2023-02-10 15:12:26,797 [http-nio-7200-exec-4 | c.o.GraphDBConfigParameters] Reading external plugins from /opt/graphdb/dist/lib/plugins
[INFO ] 2023-02-10 15:12:26,799 [http-nio-7200-exec-4 | c.o.c.AbstractParameter] Configured parameter 'register-external-plugins' to default value '[/opt/graphdb/dist/lib/plugins]'
[INFO ] 2023-02-10 15:12:26,800 [http-nio-7200-exec-4 | c.o.t.OwlimSchemaRepository] Registering external plugins...
[INFO ] 2023-02-10 15:12:26,828 [http-nio-7200-exec-4 | c.o.t.OwlimSchemaRepository] Scanning /opt/graphdb/dist/lib/plugins/history-plugin for plugins
[INFO ] 2023-02-10 15:12:26,866 [http-nio-7200-exec-4 | c.o.t.s.i.PluginManager] Registering plugin history
[INFO ] 2023-02-10 15:12:26,867 [http-nio-7200-exec-4 | c.o.t.OwlimSchemaRepository] Scanning /opt/graphdb/dist/lib/plugins/geosparql-plugin for plugins
[INFO ] 2023-02-10 15:12:27,146 [http-nio-7200-exec-4 | c.o.t.s.i.PluginManager] Registering plugin GeoSPARQL
[INFO ] 2023-02-10 15:12:27,150 [http-nio-7200-exec-4 | c.o.t.OwlimSchemaRepository] Scanning /opt/graphdb/dist/lib/plugins/sequences-plugin for plugins
[INFO ] 2023-02-10 15:12:27,170 [http-nio-7200-exec-4 | c.o.t.s.i.PluginManager] Registering plugin sequences
[INFO ] 2023-02-10 15:12:27,180 [http-nio-7200-exec-4 | c.o.t.OwlimSchemaRepository] Scanning /opt/graphdb/dist/lib/plugins/entity-change-connector for plugins
[INFO ] 2023-02-10 15:12:27,352 [http-nio-7200-exec-4 | c.o.t.s.i.PluginManager] Registering plugin entity-change
[INFO ] 2023-02-10 15:12:27,353 [http-nio-7200-exec-4 | c.o.t.OwlimSchemaRepository] Scanning /opt/graphdb/dist/lib/plugins/solr-connector for plugins
[INFO ] 2023-02-10 15:12:27,699 [http-nio-7200-exec-4 | c.o.t.s.i.PluginManager] Registering plugin solr-connector
[INFO ] 2023-02-10 15:12:27,700 [http-nio-7200-exec-4 | c.o.t.OwlimSchemaRepository] Scanning /opt/graphdb/dist/lib/plugins/notifications-logger-plugin for plugins
[INFO ] 2023-02-10 15:12:27,718 [http-nio-7200-exec-4 | c.o.t.s.i.PluginManager] Registering plugin notifications-logger
[INFO ] 2023-02-10 15:12:27,719 [http-nio-7200-exec-4 | c.o.t.OwlimSchemaRepository] Scanning /opt/graphdb/dist/lib/plugins/tx-rollback-plugin for plugins
[INFO ] 2023-02-10 15:12:27,740 [http-nio-7200-exec-4 | c.o.t.s.i.PluginManager] Registering plugin tx-rollback
[INFO ] 2023-02-10 15:12:27,743 [http-nio-7200-exec-4 | c.o.t.OwlimSchemaRepository] Scanning /opt/graphdb/dist/lib/plugins/geospatial-plugin for plugins
[INFO ] 2023-02-10 15:12:28,002 [http-nio-7200-exec-4 | c.o.t.p.g.FunctionLoader] Registered 1 functions from package com.ontotext.trree.plugin.geo.
[INFO ] 2023-02-10 15:12:28,004 [http-nio-7200-exec-4 | c.o.t.s.i.PluginManager] Registering plugin geospatial
[INFO ] 2023-02-10 15:12:28,006 [http-nio-7200-exec-4 | c.o.t.OwlimSchemaRepository] Scanning /opt/graphdb/dist/lib/plugins/rdfrank-plugin for plugins
[INFO ] 2023-02-10 15:12:28,030 [http-nio-7200-exec-4 | c.o.t.s.i.PluginManager] Registering plugin rdfrank
[INFO ] 2023-02-10 15:12:28,031 [http-nio-7200-exec-4 | c.o.t.OwlimSchemaRepository] Scanning /opt/graphdb/dist/lib/plugins/similarity-plugin for plugins
[INFO ] 2023-02-10 15:12:28,193 [http-nio-7200-exec-4 | c.o.t.s.i.PluginManager] Registering plugin similarity
[INFO ] 2023-02-10 15:12:28,194 [http-nio-7200-exec-4 | c.o.t.OwlimSchemaRepository] Scanning /opt/graphdb/dist/lib/plugins/change-tracking-plugin for plugins
[INFO ] 2023-02-10 15:12:28,204 [http-nio-7200-exec-4 | c.o.t.s.i.PluginManager] Registering plugin change-tracking
[INFO ] 2023-02-10 15:12:28,207 [http-nio-7200-exec-4 | c.o.t.OwlimSchemaRepository] Scanning /opt/graphdb/dist/lib/plugins/lucene-connector for plugins
[INFO ] 2023-02-10 15:12:28,397 [http-nio-7200-exec-4 | c.o.t.s.i.PluginManager] Registering plugin lucene-connector
[INFO ] 2023-02-10 15:12:28,398 [http-nio-7200-exec-4 | c.o.t.OwlimSchemaRepository] Scanning /opt/graphdb/dist/lib/plugins/dependencies-plugin for plugins
[INFO ] 2023-02-10 15:12:28,426 [http-nio-7200-exec-4 | c.o.t.s.i.PluginManager] Registering plugin dependencies-plugin
[INFO ] 2023-02-10 15:12:28,428 [http-nio-7200-exec-4 | c.o.t.OwlimSchemaRepository] Scanning /opt/graphdb/dist/lib/plugins/text-mining-plugin for plugins
[INFO ] 2023-02-10 15:12:28,465 [http-nio-7200-exec-4 | c.o.t.s.i.PluginManager] Registering plugin text-mining
[INFO ] 2023-02-10 15:12:28,467 [http-nio-7200-exec-4 | c.o.t.OwlimSchemaRepository] Scanning /opt/graphdb/dist/lib/plugins/autocomplete-plugin for plugins
[INFO ] 2023-02-10 15:12:28,523 [http-nio-7200-exec-4 | c.o.t.s.i.PluginManager] Registering plugin autocomplete
[INFO ] 2023-02-10 15:12:28,524 [http-nio-7200-exec-4 | c.o.t.OwlimSchemaRepository] Scanning /opt/graphdb/dist/lib/plugins/elasticsearch-connector for plugins
[INFO ] 2023-02-10 15:12:28,851 [http-nio-7200-exec-4 | c.o.t.s.i.PluginManager] Registering plugin elasticsearch-connector
[INFO ] 2023-02-10 15:12:28,852 [http-nio-7200-exec-4 | c.o.t.OwlimSchemaRepository] Scanning /opt/graphdb/dist/lib/plugins/kafka-connector for plugins
[INFO ] 2023-02-10 15:12:29,059 [http-nio-7200-exec-4 | c.o.t.s.i.PluginManager] Registering plugin kafka-connector
[INFO ] 2023-02-10 15:12:29,060 [http-nio-7200-exec-4 | c.o.t.OwlimSchemaRepository] Scanning /opt/graphdb/dist/lib/plugins/mongodb-plugin for plugins
[INFO ] 2023-02-10 15:12:29,085 [http-nio-7200-exec-4 | c.o.t.s.i.PluginManager] Registering plugin mongodb
[INFO ] 2023-02-10 15:12:29,086 [http-nio-7200-exec-4 | c.o.t.OwlimSchemaRepository] Scanning /opt/graphdb/dist/lib/plugins/proof-plugin for plugins
[INFO ] 2023-02-10 15:12:29,102 [http-nio-7200-exec-4 | c.o.t.s.i.PluginManager] Registering plugin proof
[INFO ] 2023-02-10 15:12:29,103 [http-nio-7200-exec-4 | c.o.t.OwlimSchemaRepository] Scanning /opt/graphdb/dist/lib/plugins/sparql-mm for plugins
[INFO ] 2023-02-10 15:12:29,116 [http-nio-7200-exec-4 | c.o.t.s.i.PluginManager] Registering plugin sparql-mm
[INFO ] 2023-02-10 15:12:29,118 [http-nio-7200-exec-4 | c.o.t.s.i.PluginManager] Initializing plugins... (DEFAULT)
[INFO ] 2023-02-10 15:12:29,140 [http-nio-7200-exec-4 | c.o.l.LicenseRegistry] License configuration: Embedded license
[INFO ] 2023-02-10 15:12:29,142 [http-nio-7200-exec-4 | c.o.l.LicenseRegistry] License file: jar:file:/opt/graphdb/dist/lib/graphdb-runtime-10.0.0.jar!/GRAPHDB_LITE.license
[INFO ] 2023-02-10 15:12:29,149 [http-nio-7200-exec-4 | c.o.l.LicenseRegistry] Product:                 GRAPHDB_LITE
[INFO ] 2023-02-10 15:12:29,150 [http-nio-7200-exec-4 | c.o.l.LicenseRegistry] Usage restriction:       null
[INFO ] 2023-02-10 15:12:29,151 [http-nio-7200-exec-4 | c.o.l.LicenseRegistry] Licensee:                Freeware
[INFO ] 2023-02-10 15:12:29,152 [http-nio-7200-exec-4 | c.o.l.LicenseRegistry] Permitted use:           THE SOFTWARE IS PROVIDED "AS IS", WITHOUT WARRANTY OF ANY KIND, EXPRESS OR IMPLIED, INCLUDING BUT NOT LIMITED TO THE WARRANTIES OF MERCHANTABILITY, FITNESS FOR A PARTICULAR PURPOSE AND NONINFRINGEMENT. IN NO EVENT SHALL THE AUTHORS OR COPYRIGHT HOLDERS BE LIABLE FOR ANY CLAIM, DAMAGES OR OTHER LIABILITY, WHETHER IN AN ACTION OF CONTRACT, TORT OR OTHERWISE, ARISING FROM, OUT OF OR IN CONNECTION WITH THE SOFTWARE OR THE USE OR OTHER DEALINGS IN THE SOFTWARE.
[INFO ] 2023-02-10 15:12:29,154 [http-nio-7200-exec-4 | c.o.l.LicenseRegistry] Version:                 10.0
[INFO ] 2023-02-10 15:12:29,164 [http-nio-7200-exec-4 | c.o.l.LicenseRegistry] Expiry date:             none
[INFO ] 2023-02-10 15:12:29,166 [http-nio-7200-exec-4 | c.o.l.LicenseRegistry] Latest publication date: none
[INFO ] 2023-02-10 15:12:29,167 [http-nio-7200-exec-4 | c.o.l.LicenseRegistry] Max CPU cores:           1
[INFO ] 2023-02-10 15:12:29,174 [http-nio-7200-exec-4 | c.o.c.AbstractParameter] Configured parameter 'nonInterpretablePredicates' to default value 'null'
[INFO ] 2023-02-10 15:12:29,205 [http-nio-7200-exec-4 | c.o.t.s.i.PluginManager] Initializing plugin 'GeoSPARQL'
[INFO ] 2023-02-10 15:12:33,332 [http-nio-7200-exec-4 | c.o.t.g.FunctionLoader] Registered 50 functions from package com.useekm.geosparql.
[INFO ] 2023-02-10 15:12:33,341 [http-nio-7200-exec-4 | c.o.t.s.i.PluginManager] Initializing plugin 'autocomplete'
[INFO ] 2023-02-10 15:12:33,358 [http-nio-7200-exec-4 | c.o.t.p.a.AutocompletePluginUtils] >>>>>>>> AutocompletePlugin: No configuration file found at /opt/graphdb/home/data/repositories/interaction_context/storage/autocomplete/v2/config.properties. Assuming default options for plugin.
[INFO ] 2023-02-10 15:12:33,383 [http-nio-7200-exec-4 | c.o.t.s.i.PluginManager] Initializing plugin 'change-tracking'
[INFO ] 2023-02-10 15:12:33,443 [http-nio-7200-exec-4 | c.o.t.s.i.PluginManager] Initializing plugin 'dependencies-plugin'
[INFO ] 2023-02-10 15:12:33,607 [http-nio-7200-exec-4 | c.o.t.p.d.DependenciesPlugin] Dependency graph was restored from cache
[INFO ] 2023-02-10 15:12:33,608 [http-nio-7200-exec-4 | c.o.t.s.i.PluginManager] Initializing plugin 'direct'
[INFO ] 2023-02-10 15:12:33,611 [http-nio-7200-exec-4 | c.o.t.s.i.PluginManager] Initializing plugin 'elasticsearch-connector'
[INFO ] 2023-02-10 15:12:33,679 [http-nio-7200-exec-4 | c.o.t.s.i.PluginManager] Initializing plugin 'entity-change'
[INFO ] 2023-02-10 15:12:33,738 [http-nio-7200-exec-4 | c.o.t.s.i.PluginManager] Initializing plugin 'expose-entity'
[INFO ] 2023-02-10 15:12:33,754 [http-nio-7200-exec-4 | c.o.t.s.i.PluginManager] Initializing plugin 'geospatial'
[INFO ] 2023-02-10 15:12:33,760 [http-nio-7200-exec-4 | c.o.t.p.g.GeoSpatialPlugin] Plugin:geospatial initialized
[INFO ] 2023-02-10 15:12:33,762 [http-nio-7200-exec-4 | c.o.t.s.i.PluginManager] Initializing plugin 'history'
[INFO ] 2023-02-10 15:12:33,878 [http-nio-7200-exec-4 | c.o.t.s.i.PluginManager] Initializing plugin 'kafka-connector'
[INFO ] 2023-02-10 15:12:33,931 [http-nio-7200-exec-4 | c.o.t.s.i.PluginManager] Initializing plugin 'literals-index'
[INFO ] 2023-02-10 15:12:34,079 [http-nio-7200-exec-4 | c.o.p.literals-index] Literals indices restored.
[INFO ] 2023-02-10 15:12:34,081 [http-nio-7200-exec-4 | c.o.t.s.i.PluginManager] Initializing plugin 'lucene-connector'
[INFO ] 2023-02-10 15:12:34,120 [http-nio-7200-exec-4 | c.o.t.s.i.PluginManager] Initializing plugin 'magic-predicates'
[INFO ] 2023-02-10 15:12:34,127 [http-nio-7200-exec-4 | c.o.p.magic-predicates] Registering InverseMagicPredicate: http://spinrdf.org/spif#foreach
[INFO ] 2023-02-10 15:12:34,129 [http-nio-7200-exec-4 | c.o.p.magic-predicates] Registering TupleFunction: http://jena.hpl.hp.com/ARQ/list#length
[INFO ] 2023-02-10 15:12:34,131 [http-nio-7200-exec-4 | c.o.p.magic-predicates] Registering InverseMagicPredicate: http://jena.hpl.hp.com/ARQ/property#concat
[INFO ] 2023-02-10 15:12:34,134 [http-nio-7200-exec-4 | c.o.p.magic-predicates] Registering InverseMagicPredicate: http://spinrdf.org/spif#for
[INFO ] 2023-02-10 15:12:34,141 [http-nio-7200-exec-4 | c.o.p.magic-predicates] Registering InverseMagicPredicate: http://spinrdf.org/spif#split
[INFO ] 2023-02-10 15:12:34,143 [http-nio-7200-exec-4 | c.o.p.magic-predicates] Registering TupleFunction: http://jena.hpl.hp.com/ARQ/list#member
[INFO ] 2023-02-10 15:12:34,146 [http-nio-7200-exec-4 | c.o.p.magic-predicates] Registering TupleFunction: http://jena.hpl.hp.com/ARQ/list#index
[INFO ] 2023-02-10 15:12:34,148 [http-nio-7200-exec-4 | c.o.p.magic-predicates] Registering InverseMagicPredicate: http://jena.hpl.hp.com/ARQ/property#strSplit
[INFO ] 2023-02-10 15:12:34,149 [http-nio-7200-exec-4 | c.o.t.s.i.PluginManager] Initializing plugin 'mongodb'
[INFO ] 2023-02-10 15:12:34,152 [http-nio-7200-exec-4 | c.o.t.s.i.PluginManager] Initializing plugin 'notifications'
[INFO ] 2023-02-10 15:12:34,156 [http-nio-7200-exec-4 | c.o.t.s.i.PluginManager] Initializing plugin 'notifications-logger'
[INFO ] 2023-02-10 15:12:34,166 [http-nio-7200-exec-4 | c.o.t.s.i.PluginManager] Initializing plugin 'plugincontrol'
[INFO ] 2023-02-10 15:12:34,170 [http-nio-7200-exec-4 | c.o.t.p.p.PluginControlPlugin] Plugin:plugincontrol initialized
[INFO ] 2023-02-10 15:12:34,171 [http-nio-7200-exec-4 | c.o.t.s.i.PluginManager] Initializing plugin 'proof'
[INFO ] 2023-02-10 15:12:34,173 [http-nio-7200-exec-4 | c.o.t.s.i.PluginManager] Initializing plugin 'rdfrank'
[INFO ] 2023-02-10 15:12:34,229 [http-nio-7200-exec-4 | c.o.t.s.i.PluginManager] Initializing plugin 'script'
[INFO ] 2023-02-10 15:12:34,231 [http-nio-7200-exec-4 | c.o.t.s.i.PluginManager] Initializing plugin 'sequences'
[INFO ] 2023-02-10 15:12:34,246 [http-nio-7200-exec-4 | c.o.t.s.i.PluginManager] Initializing plugin 'similarity'
[INFO ] 2023-02-10 15:12:34,256 [http-nio-7200-exec-4 | c.o.t.s.i.PluginManager] Initializing plugin 'solr-connector'
[INFO ] 2023-02-10 15:12:34,311 [http-nio-7200-exec-4 | c.o.t.s.i.PluginManager] Initializing plugin 'sparql-mm'
[INFO ] 2023-02-10 15:12:34,404 [http-nio-7200-exec-4 | c.o.g.s.FunctionLoader] Registered 58 functions from package com.github.tkurz.sparqlmm.function.
[INFO ] 2023-02-10 15:12:34,406 [http-nio-7200-exec-4 | c.o.t.s.i.PluginManager] Initializing plugin 'sparql-template'
[INFO ] 2023-02-10 15:12:34,408 [http-nio-7200-exec-4 | c.o.t.s.i.PluginManager] Initializing plugin 'text-mining'
[INFO ] 2023-02-10 15:12:34,419 [http-nio-7200-exec-4 | c.o.t.s.i.PluginManager] Initializing plugin 'tx-rollback'
[INFO ] 2023-02-10 15:12:34,423 [http-nio-7200-exec-4 | c.o.t.s.i.PluginManager] Initializing plugin 'utils'
[INFO ] 2023-02-10 15:12:35,948 [http-nio-7200-exec-4 | c.o.t.s.i.PluginManager] Finished initializing plugins
[INFO ] 2023-02-10 15:12:35,953 [http-nio-7200-exec-4 | c.o.c.AbstractParameter] Configured parameter 'graphdb.page.cache.size' to default value '1.5G'
[INFO ] 2023-02-10 15:12:36,951 [http-nio-7200-exec-4 | c.o.c.AbstractParameter] Configured parameter 'do.resolve.entities' to default value 'true'
[INFO ] 2023-02-10 15:12:36,952 [http-nio-7200-exec-4 | c.o.c.AbstractParameter] Configured parameter 'do.load.data' to default value 'true'
[INFO ] 2023-02-10 15:12:36,955 [http-nio-7200-exec-4 | c.o.r.p.ParallelLoader] Data will be parsed + resolved + loaded.
[INFO ] 2023-02-10 15:12:36,957 [http-nio-7200-exec-4 | c.o.c.AbstractParameter] Configured parameter 'graphdb.persistent.parallel.inferencers' to default value 'false'
[INFO ] 2023-02-10 15:12:37,026 [http-nio-7200-exec-4 | c.o.r.p.ParallelLoader] Using 1 threads for inference
[INFO ] 2023-02-10 15:12:38,363 [repositories/interaction_context | o.e.r.h.s.r.n.NamespacesController] GET namespace list
[INFO ] 2023-02-10 15:12:38,464 [repositories/interaction_context | c.o.c.AbstractParameter] Configured parameter 'custom.validation.queries.file' to default value 'null'
[INFO ] 2023-02-10 15:12:38,627 [repositories/interaction_context | o.e.r.h.s.r.TupleQueryResultView] Request for query 3392903 is finished
[INFO ] 2023-02-10 15:12:38,649 [repositories/interaction_context | o.e.r.h.s.r.TupleQueryResultView] Request for query 3392903 is finished
[INFO ] 2023-02-10 15:12:39,105 [http-nio-7200-exec-5 | c.o.c.AbstractParameter] Configured parameter 'deduplicate.construct' to default value 'true'
[INFO ] 2023-02-10 15:12:39,209 [http-nio-7200-exec-5 | c.o.c.AbstractParameter] Configured parameter 'reuse.vars.in.subselects' to default value 'true'
[INFO ] 2023-02-10 15:12:39,314 [http-nio-7200-exec-5 | c.o.c.AbstractParameter] Configured parameter 'in-clause-max-members' to default value '16'
[INFO ] 2023-02-10 15:12:39,315 [http-nio-7200-exec-5 | c.o.c.AbstractParameter] Configured parameter 'query.convert.values.clause' to default value 'true'
[INFO ] 2023-02-10 15:12:39,353 [http-nio-7200-exec-5 | c.o.c.AbstractParameter] Configured parameter 'merge.join' to default value 'false'
[INFO ] 2023-02-10 15:12:39,573 [http-nio-7200-exec-5 | c.o.c.AbstractParameter] Configured parameter 'hash.join' to default value 'false'
[INFO ] 2023-02-10 15:18:21,028 [repositories/interaction_context | o.e.r.h.s.r.n.NamespacesController] GET namespace list
[INFO ] 2023-02-10 15:18:21,230 [repositories/interaction_context | o.e.r.h.s.r.TupleQueryResultView] Request for query 3392903 is finished
[INFO ] 2023-02-10 15:18:21,253 [repositories/interaction_context | o.e.r.h.s.r.n.NamespacesController] GET namespace list
[INFO ] 2023-02-10 15:18:21,287 [repositories/interaction_context | o.e.r.h.s.r.TupleQueryResultView] Request for query 3392903 is finished
[INFO ] 2023-02-10 15:27:06,783 [Thread-3 | c.o.g.s.GraphDB] Stopping GraphDB.
[INFO ] 2023-02-10 15:27:07,207 [Thread-3 | c.o.f.c.s.SemanticDataManagement] Shutting down current semantic location
[INFO ] 2023-02-10 15:27:35,031 [main | c.o.g.Config] Using 'jar:file:/opt/graphdb/dist/lib/graphdb-application-common-10.0.0.jar!/com/ontotext/graphdb/logback.xml' as logback's configuration file
[INFO ] 2023-02-10 15:27:36,865 [main | c.o.g.s.GraphDB] Starting GraphDB in workbench mode.
[INFO ] 2023-02-10 15:28:16,624 [main | c.o.g.Config] GraphDB Home directory: /opt/graphdb/home
[INFO ] 2023-02-10 15:28:16,630 [main | c.o.g.Config] GraphDB Config directory: /opt/graphdb/home/conf
[INFO ] 2023-02-10 15:28:16,635 [main | c.o.g.Config] GraphDB Data directory: /opt/graphdb/home/data
[INFO ] 2023-02-10 15:28:16,639 [main | c.o.g.Config] GraphDB Work directory: /opt/graphdb/home/work
[INFO ] 2023-02-10 15:28:16,644 [main | c.o.g.Config] GraphDB Logs directory: /opt/graphdb/home/logs
[INFO ] 2023-02-10 15:28:20,007 [main | c.o.g.r.s.SecurityUtil] Cluster gRPC server security is disabled
[INFO ] 2023-02-10 15:28:22,034 [main | c.o.f.c.s.r.GraphDBRpcServer] Started gRPC server on port 7300 successfully
